Log file open, 05/29/19 13:51:48
LogWindows: Failed to load 'aqProf.dll' (GetLastError=126)
LogWindows: File 'aqProf.dll' does not exist
LogWindows: Failed to load 'VtuneApi.dll' (GetLastError=126)
LogWindows: File 'VtuneApi.dll' does not exist
LogWindows: Failed to load 'VtuneApi32e.dll' (GetLastError=126)
LogWindows: File 'VtuneApi32e.dll' does not exist
LogConsoleResponse: Display: Failed to find resolution value strings in scalability ini. Falling back to default.
LogInit: Display: Running engine for game: ES3LandscapeCrash
LogPakFile: Registered encryption key '00000000000000000000000000000000': 0 pak files mounted, 0 remain pending
LogPlatformFile: Not using cached read wrapper
LogTaskGraph: Started task graph with 5 named threads and 35 total threads with 3 sets of task threads.
LogStats: Stats thread started at 0.464368
LogD3D11RHI: Loaded GFSDK_Aftermath_Lib.x64.dll
LogICUInternationalization: ICU TimeZone Detection - Raw Offset: +9:00, Platform Override: ''
LogPluginManager: Mounting plugin Paper2D
LogPluginManager: Mounting plugin AISupport
LogPluginManager: Mounting plugin LightPropagationVolume
LogPluginManager: Mounting plugin ActorLayerUtilities
LogPluginManager: Mounting plugin AnimationSharing
LogPluginManager: Mounting plugin CLionSourceCodeAccess
LogPluginManager: Mounting plugin CodeLiteSourceCodeAccess
LogPluginManager: Mounting plugin GitSourceControl
LogPluginManager: Mounting plugin KDevelopSourceCodeAccess
LogPluginManager: Mounting plugin NullSourceCodeAccess
LogPluginManager: Mounting plugin PerforceSourceControl
LogPluginManager: Mounting plugin SubversionSourceControl
LogPluginManager: Mounting plugin UObjectPlugin
LogPluginManager: Mounting plugin VisualStudioCodeSourceCodeAccess
LogPluginManager: Mounting plugin VisualStudioSourceCodeAccess
LogPluginManager: Mounting plugin XCodeSourceCodeAccess
LogPluginManager: Mounting plugin AssetManagerEditor
LogPluginManager: Mounting plugin CryptoKeys
LogPluginManager: Mounting plugin DataValidation
LogPluginManager: Mounting plugin FacialAnimation
LogPluginManager: Mounting plugin GameplayTagsEditor
LogPluginManager: Mounting plugin MacGraphicsSwitching
LogPluginManager: Mounting plugin MaterialAnalyzer
LogPluginManager: Mounting plugin MobileLauncherProfileWizard
LogPluginManager: Mounting plugin PluginBrowser
LogPluginManager: Mounting plugin SpeedTreeImporter
LogPluginManager: Mounting plugin DatasmithContent
LogPluginManager: Mounting plugin VariantManagerContent
LogPluginManager: Mounting plugin AlembicImporter
LogPluginManager: Mounting plugin AppleImageUtils
LogPluginManager: Mounting plugin AppleVision
LogPluginManager: Mounting plugin BackChannel
LogPluginManager: Mounting plugin CharacterAI
LogPluginManager: Mounting plugin GeometryCache
LogPluginManager: Mounting plugin HTML5Networking
LogPluginManager: Mounting plugin ProxyLODPlugin
LogPluginManager: Mounting plugin SkeletalReduction
LogPluginManager: Mounting plugin MagicLeap
LogPluginManager: Mounting plugin MagicLeapMedia
LogPluginManager: Mounting plugin AndroidMedia
LogPluginManager: Mounting plugin AvfMedia
LogPluginManager: Mounting plugin ImgMedia
LogPluginManager: Mounting plugin LinearTimecode
LogPluginManager: Mounting plugin MediaCompositing
LogPluginManager: Mounting plugin MediaPlayerEditor
LogPluginManager: Mounting plugin WebMMedia
LogPluginManager: Mounting plugin WmfMedia
LogPluginManager: Mounting plugin TcpMessaging
LogPluginManager: Mounting plugin UdpMessaging
LogPluginManager: Mounting plugin ActorSequence
LogPluginManager: Mounting plugin LevelSequenceEditor
LogPluginManager: Mounting plugin MatineeToLevelSequence
LogPluginManager: Mounting plugin NetcodeUnitTest
LogPluginManager: Mounting plugin NUTUnrealEngine4
LogPluginManager: Mounting plugin OnlineSubsystemGooglePlay
LogPluginManager: Mounting plugin OnlineSubsystemIOS
LogPluginManager: Mounting plugin OnlineSubsystem
LogPluginManager: Mounting plugin OnlineSubsystemNull
LogPluginManager: Mounting plugin OnlineSubsystemUtils
LogPluginManager: Mounting plugin LauncherChunkInstaller
LogPluginManager: Mounting plugin AndroidDeviceProfileSelector
LogPluginManager: Mounting plugin AndroidMoviePlayer
LogPluginManager: Mounting plugin AndroidPermission
LogPluginManager: Mounting plugin AppleMoviePlayer
LogPluginManager: Mounting plugin ArchVisCharacter
LogPluginManager: Mounting plugin AudioCapture
LogPluginManager: Mounting plugin CableComponent
LogPluginManager: Mounting plugin CustomMeshComponent
LogPluginManager: Mounting plugin EditableMesh
LogPluginManager: Mounting plugin ExampleDeviceProfileSelector
LogPluginManager: Mounting plugin Firebase
LogPluginManager: Mounting plugin GoogleCloudMessaging
LogPluginManager: Mounting plugin IOSDeviceProfileSelector
LogPluginManager: Mounting plugin LinuxDeviceProfileSelector
LogPluginManager: Mounting plugin LocationServicesBPLibrary
LogPluginManager: Mounting plugin MobilePatchingUtils
LogPluginManager: Mounting plugin OculusVR
LogPluginManager: Mounting plugin PhysXVehicles
LogPluginManager: Mounting plugin ProceduralMeshComponent
LogPluginManager: Mounting plugin RuntimePhysXCooking
LogPluginManager: Mounting plugin SignificanceManager
LogPluginManager: Mounting plugin SteamVR
LogPluginManager: Mounting plugin WebMMoviePlayer
LogPluginManager: Mounting plugin WindowsMoviePlayer
LogInit: Using libcurl 7.55.1-DEV
LogInit:  - built for x86_64-pc-win32
LogInit:  - supports SSL with OpenSSL/1.1.1
LogInit:  - supports HTTP deflate (compression) using libz 1.2.8
LogInit:  - other features:
LogInit:      CURL_VERSION_SSL
LogInit:      CURL_VERSION_LIBZ
LogInit:      CURL_VERSION_IPV6
LogInit:      CURL_VERSION_ASYNCHDNS
LogInit:      CURL_VERSION_LARGEFILE
LogInit:      CURL_VERSION_IDN
LogInit:  CurlRequestOptions (configurable via config and command line):
LogInit:  - bVerifyPeer = true  - Libcurl will verify peer certificate
LogInit:  - bUseHttpProxy = false  - Libcurl will NOT use HTTP proxy
LogInit:  - bDontReuseConnections = false  - Libcurl will reuse connections
LogInit:  - MaxHostConnections = 16  - Libcurl will limit the number of connections to a host
LogInit:  - LocalHostAddr = Default
LogInit:  - BufferSize = 65536
LogInit: WinSock: version 1.1 (2.2), MaxSocks=32767, MaxUdp=65467
LogInit: Build: ++UE4+Release-4.22-CL-0
LogInit: Engine Version: 4.22.2-0+++UE4+Release-4.22
LogInit: Compatible Engine Version: 4.22.0-0+++UE4+Release-4.22
LogInit: Net CL: 0
LogInit: OS: Windows 10 (Release 1809) (), CPU: Intel(R) Core(TM) i7-8750H CPU @ 2.20GHz, GPU: Intel(R) UHD Graphics 630
LogInit: Compiled (64-bit): May 25 2019 05:16:30
LogInit: Compiled with Visual C++: 19.16.27030.01
LogInit: Build Configuration: Development
LogInit: Branch Name: ++UE4+Release-4.22
LogInit: Command Line: 
LogInit: Base Directory: E:/UnrealEngine/UnrealEngine/Engine/Binaries/Win64/
LogInit: Installed Engine Build: 0
LogDevObjectVersion: Number of dev versions registered: 23
LogDevObjectVersion:   Dev-Blueprints (B0D832E4-1F89-4F0D-ACCF-7EB736FD4AA2): 10
LogDevObjectVersion:   Dev-Build (E1C64328-A22C-4D53-A36C-8E866417BD8C): 0
LogDevObjectVersion:   Dev-Core (375EC13C-06E4-48FB-B500-84F0262A717E): 3
LogDevObjectVersion:   Dev-Editor (E4B068ED-F494-42E9-A231-DA0B2E46BB41): 30
LogDevObjectVersion:   Dev-Framework (CFFC743F-43B0-4480-9391-14DF171D2073): 35
LogDevObjectVersion:   Dev-Mobile (B02B49B5-BB20-44E9-A304-32B752E40360): 2
LogDevObjectVersion:   Dev-Networking (A4E4105C-59A1-49B5-A7C5-40C4547EDFEE): 0
LogDevObjectVersion:   Dev-Online (39C831C9-5AE6-47DC-9A44-9C173E1C8E7C): 0
LogDevObjectVersion:   Dev-Physics (78F01B33-EBEA-4F98-B9B4-84EACCB95AA2): 0
LogDevObjectVersion:   Dev-Platform (6631380F-2D4D-43E0-8009-CF276956A95A): 0
LogDevObjectVersion:   Dev-Rendering (12F88B9F-8875-4AFC-A67C-D90C383ABD29): 28
LogDevObjectVersion:   Dev-Sequencer (7B5AE74C-D270-4C10-A958-57980B212A5A): 11
LogDevObjectVersion:   Dev-VR (D7296918-1DD6-4BDD-9DE2-64A83CC13884): 2
LogDevObjectVersion:   Dev-LoadTimes (C2A15278-BFE7-4AFE-6C17-90FF531DF755): 1
LogDevObjectVersion:   Private-Geometry (6EACA3D4-40EC-4CC1-B786-8BED09428FC5): 3
LogDevObjectVersion:   Dev-AnimPhys (29E575DD-E0A3-4627-9D10-D276232CDCEA): 17
LogDevObjectVersion:   Dev-Anim (AF43A65D-7FD3-4947-9873-3E8ED9C1BB05): 2
LogDevObjectVersion:   Dev-ReflectionCapture (6B266CEC-1EC7-4B8F-A30B-E4D90942FC07): 1
LogDevObjectVersion:   Dev-Automation (0DF73D61-A23F-47EA-B727-89E90C41499A): 1
LogDevObjectVersion:   FortniteMain (601D1886-AC64-4F84-AA16-D3DE0DEAC7D6): 25
LogDevObjectVersion:   Dev-Enterprise (9DFFBCD6-494F-0158-E221-12823C92A888): 6
LogDevObjectVersion:   Dev-Niagara (F2AED0AC-9AFE-416F-8664-AA7FFA26D6FC): 1
LogDevObjectVersion:   Dev-Destruction (174F1F0B-B4C6-45A5-B13F-2EE8D0FB917D): 2
LogInit: Presizing for max 16777216 objects, including 0 objects not considered by GC, pre-allocating 0 bytes for permanent pool.
LogInit: Object subsystem initialized
LogConfig: Setting CVar [[con.DebugEarlyDefault:1]]
LogConfig: Setting CVar [[r.setres:1280x720]]
[2019.05.29-04.51.49:063][  0]LogConfig: Setting CVar [[r.VSync:0]]
[2019.05.29-04.51.49:063][  0]LogConfig: Setting CVar [[r.RHICmdBypass:0]]
[2019.05.29-04.51.49:063][  0]LogConfig: Applying CVar settings from Section [/Script/Engine.RendererSettings] File [D:/Documents/Unreal Projects/ES3LandscapeCrash/Saved/Config/Windows/Engine.ini]
[2019.05.29-04.51.49:063][  0]LogConfig: Setting CVar [[r.GPUCrashDebugging:0]]
[2019.05.29-04.51.49:063][  0]LogConfig: Setting CVar [[r.DefaultFeature.AutoExposure.ExtendDefaultLuminanceRange:1]]
[2019.05.29-04.51.49:063][  0]LogConfig: Applying CVar settings from Section [/Script/Engine.RendererOverrideSettings] File [D:/Documents/Unreal Projects/ES3LandscapeCrash/Saved/Config/Windows/Engine.ini]
[2019.05.29-04.51.49:063][  0]LogConfig: Applying CVar settings from Section [/Script/Engine.StreamingSettings] File [D:/Documents/Unreal Projects/ES3LandscapeCrash/Saved/Config/Windows/Engine.ini]
[2019.05.29-04.51.49:063][  0]LogConfig: Setting CVar [[s.MinBulkDataSizeForAsyncLoading:131072]]
[2019.05.29-04.51.49:063][  0]LogConfig: Setting CVar [[s.AsyncLoadingThreadEnabled:0]]
[2019.05.29-04.51.49:063][  0]LogConfig: Setting CVar [[s.EventDrivenLoaderEnabled:1]]
[2019.05.29-04.51.49:063][  0]LogConfig: Setting CVar [[s.WarnIfTimeLimitExceeded:0]]
[2019.05.29-04.51.49:063][  0]LogConfig: Setting CVar [[s.TimeLimitExceededMultiplier:1.5]]
[2019.05.29-04.51.49:064][  0]LogConfig: Setting CVar [[s.TimeLimitExceededMinTime:0.005]]
[2019.05.29-04.51.49:064][  0]LogConfig: Setting CVar [[s.UseBackgroundLevelStreaming:1]]
[2019.05.29-04.51.49:064][  0]LogConfig: Setting CVar [[s.PriorityAsyncLoadingExtraTime:15.0]]
[2019.05.29-04.51.49:064][  0]LogConfig: Setting CVar [[s.LevelStreamingActorsUpdateTimeLimit:5.0]]
[2019.05.29-04.51.49:064][  0]LogConfig: Setting CVar [[s.PriorityLevelStreamingActorsUpdateExtraTime:5.0]]
[2019.05.29-04.51.49:064][  0]LogConfig: Setting CVar [[s.LevelStreamingComponentsRegistrationGranularity:10]]
[2019.05.29-04.51.49:064][  0]LogConfig: Setting CVar [[s.UnregisterComponentsTimeLimit:1.0]]
[2019.05.29-04.51.49:064][  0]LogConfig: Setting CVar [[s.LevelStreamingComponentsUnregistrationGranularity:5]]
[2019.05.29-04.51.49:064][  0]LogConfig: Applying CVar settings from Section [/Script/Engine.GarbageCollectionSettings] File [D:/Documents/Unreal Projects/ES3LandscapeCrash/Saved/Config/Windows/Engine.ini]
[2019.05.29-04.51.49:064][  0]LogConfig: Setting CVar [[gc.MaxObjectsNotConsideredByGC:1]]
[2019.05.29-04.51.49:064][  0]LogConfig: Setting CVar [[gc.SizeOfPermanentObjectPool:0]]
[2019.05.29-04.51.49:064][  0]LogConfig: Setting CVar [[gc.FlushStreamingOnGC:0]]
[2019.05.29-04.51.49:064][  0]LogConfig: Setting CVar [[gc.NumRetriesBeforeForcingGC:10]]
[2019.05.29-04.51.49:064][  0]LogConfig: Setting CVar [[gc.AllowParallelGC:1]]
[2019.05.29-04.51.49:064][  0]LogConfig: Setting CVar [[gc.TimeBetweenPurgingPendingKillObjects:61.1]]
[2019.05.29-04.51.49:064][  0]LogConfig: Setting CVar [[gc.MaxObjectsInEditor:16777216]]
[2019.05.29-04.51.49:064][  0]LogConfig: Setting CVar [[gc.IncrementalBeginDestroyEnabled:1]]
[2019.05.29-04.51.49:064][  0]LogConfig: Setting CVar [[gc.CreateGCClusters:1]]
[2019.05.29-04.51.49:064][  0]LogConfig: Setting CVar [[gc.MinGCClusterSize:5]]
[2019.05.29-04.51.49:064][  0]LogConfig: Setting CVar [[gc.ActorClusteringEnabled:0]]
[2019.05.29-04.51.49:064][  0]LogConfig: Setting CVar [[gc.BlueprintClusteringEnabled:0]]
[2019.05.29-04.51.49:064][  0]LogConfig: Setting CVar [[gc.UseDisregardForGCOnDedicatedServers:0]]
[2019.05.29-04.51.49:064][  0]LogConfig: Applying CVar settings from Section [/Script/Engine.NetworkSettings] File [D:/Documents/Unreal Projects/ES3LandscapeCrash/Saved/Config/Windows/Engine.ini]
[2019.05.29-04.51.49:064][  0]LogConfig: Applying CVar settings from Section [/Script/UnrealEd.CookerSettings] File [D:/Documents/Unreal Projects/ES3LandscapeCrash/Saved/Config/Windows/Engine.ini]
[2019.05.29-04.51.49:071][  0]LogConfig: Applying CVar settings from Section [ViewDistanceQuality@3] File [D:/Documents/Unreal Projects/ES3LandscapeCrash/Saved/Config/Windows/Scalability.ini]
[2019.05.29-04.51.49:071][  0]LogConfig: Setting CVar [[r.SkeletalMeshLODBias:0]]
[2019.05.29-04.51.49:071][  0]LogConfig: Setting CVar [[r.ViewDistanceScale:1.0]]
[2019.05.29-04.51.49:071][  0]LogConfig: Applying CVar settings from Section [AntiAliasingQuality@3] File [D:/Documents/Unreal Projects/ES3LandscapeCrash/Saved/Config/Windows/Scalability.ini]
[2019.05.29-04.51.49:071][  0]LogConfig: Setting CVar [[r.PostProcessAAQuality:4]]
[2019.05.29-04.51.49:071][  0]LogConfig: Applying CVar settings from Section [ShadowQuality@3] File [D:/Documents/Unreal Projects/ES3LandscapeCrash/Saved/Config/Windows/Scalability.ini]
[2019.05.29-04.51.49:071][  0]LogConfig: Setting CVar [[r.LightFunctionQuality:1]]
[2019.05.29-04.51.49:071][  0]LogConfig: Setting CVar [[r.ShadowQuality:5]]
[2019.05.29-04.51.49:071][  0]LogConfig: Setting CVar [[r.Shadow.CSM.MaxCascades:10]]
[2019.05.29-04.51.49:071][  0]LogConfig: Setting CVar [[r.Shadow.MaxResolution:2048]]
[2019.05.29-04.51.49:071][  0]LogConfig: Setting CVar [[r.Shadow.MaxCSMResolution:2048]]
[2019.05.29-04.51.49:071][  0]LogConfig: Setting CVar [[r.Shadow.RadiusThreshold:0.01]]
[2019.05.29-04.51.49:071][  0]LogConfig: Setting CVar [[r.Shadow.DistanceScale:1.0]]
[2019.05.29-04.51.49:071][  0]LogConfig: Setting CVar [[r.Shadow.CSM.TransitionScale:1.0]]
[2019.05.29-04.51.49:071][  0]LogConfig: Setting CVar [[r.Shadow.PreShadowResolutionFactor:1.0]]
[2019.05.29-04.51.49:071][  0]LogConfig: Setting CVar [[r.DistanceFieldShadowing:1]]
[2019.05.29-04.51.49:071][  0]LogConfig: Setting CVar [[r.DistanceFieldAO:1]]
[2019.05.29-04.51.49:071][  0]LogConfig: Setting CVar [[r.AOQuality:2]]
[2019.05.29-04.51.49:072][  0]LogConfig: Setting CVar [[r.VolumetricFog:1]]
[2019.05.29-04.51.49:072][  0]LogConfig: Setting CVar [[r.VolumetricFog.GridPixelSize:8]]
[2019.05.29-04.51.49:072][  0]LogConfig: Setting CVar [[r.VolumetricFog.GridSizeZ:128]]
[2019.05.29-04.51.49:072][  0]LogConfig: Setting CVar [[r.VolumetricFog.HistoryMissSupersampleCount:4]]
[2019.05.29-04.51.49:072][  0]LogConfig: Setting CVar [[r.LightMaxDrawDistanceScale:1]]
[2019.05.29-04.51.49:072][  0]LogConfig: Setting CVar [[r.CapsuleShadows:1]]
[2019.05.29-04.51.49:072][  0]LogConfig: Applying CVar settings from Section [PostProcessQuality@3] File [D:/Documents/Unreal Projects/ES3LandscapeCrash/Saved/Config/Windows/Scalability.ini]
[2019.05.29-04.51.49:072][  0]LogConfig: Setting CVar [[r.MotionBlurQuality:4]]
[2019.05.29-04.51.49:072][  0]LogConfig: Setting CVar [[r.AmbientOcclusionMipLevelFactor:0.4]]
[2019.05.29-04.51.49:072][  0]LogConfig: Setting CVar [[r.AmbientOcclusionMaxQuality:100]]
[2019.05.29-04.51.49:072][  0]LogConfig: Setting CVar [[r.AmbientOcclusionLevels:-1]]
[2019.05.29-04.51.49:072][  0]LogConfig: Setting CVar [[r.AmbientOcclusionRadiusScale:1.0]]
[2019.05.29-04.51.49:072][  0]LogConfig: Setting CVar [[r.DepthOfFieldQuality:2]]
[2019.05.29-04.51.49:072][  0]LogConfig: Setting CVar [[r.RenderTargetPoolMin:400]]
[2019.05.29-04.51.49:072][  0]LogConfig: Setting CVar [[r.LensFlareQuality:2]]
[2019.05.29-04.51.49:072][  0]LogConfig: Setting CVar [[r.SceneColorFringeQuality:1]]
[2019.05.29-04.51.49:072][  0]LogConfig: Setting CVar [[r.EyeAdaptationQuality:2]]
[2019.05.29-04.51.49:072][  0]LogConfig: Setting CVar [[r.BloomQuality:5]]
[2019.05.29-04.51.49:072][  0]LogConfig: Setting CVar [[r.FastBlurThreshold:100]]
[2019.05.29-04.51.49:072][  0]LogConfig: Setting CVar [[r.Upscale.Quality:3]]
[2019.05.29-04.51.49:072][  0]LogConfig: Setting CVar [[r.Tonemapper.GrainQuantization:1]]
[2019.05.29-04.51.49:072][  0]LogConfig: Setting CVar [[r.LightShaftQuality:1]]
[2019.05.29-04.51.49:072][  0]LogConfig: Setting CVar [[r.Filter.SizeScale:1]]
[2019.05.29-04.51.49:072][  0]LogConfig: Setting CVar [[r.Tonemapper.Quality:5]]
[2019.05.29-04.51.49:072][  0]LogConfig: Setting CVar [[r.DOF.Gather.AccumulatorQuality:1        ; higher gathering accumulator quality]]
[2019.05.29-04.51.49:072][  0]LogConfig: Setting CVar [[r.DOF.Gather.PostfilterMethod:1          ; Median3x3 postfilering method]]
[2019.05.29-04.51.49:072][  0]LogConfig: Setting CVar [[r.DOF.Gather.EnableBokehSettings:0       ; no bokeh simulation when gathering]]
[2019.05.29-04.51.49:072][  0]LogConfig: Setting CVar [[r.DOF.Gather.RingCount:4                 ; medium number of samples when gathering]]
[2019.05.29-04.51.49:072][  0]LogConfig: Setting CVar [[r.DOF.Scatter.ForegroundCompositing:1    ; additive foreground scattering]]
[2019.05.29-04.51.49:072][  0]LogConfig: Setting CVar [[r.DOF.Scatter.BackgroundCompositing:2    ; additive background scattering]]
[2019.05.29-04.51.49:073][  0]LogConfig: Setting CVar [[r.DOF.Scatter.EnableBokehSettings:1      ; bokeh simulation when scattering]]
[2019.05.29-04.51.49:073][  0]LogConfig: Setting CVar [[r.DOF.Scatter.MaxSpriteRatio:0.1         ; only a maximum of 10% of scattered bokeh]]
[2019.05.29-04.51.49:073][  0]LogConfig: Setting CVar [[r.DOF.Recombine.Quality:1                ; cheap slight out of focus]]
[2019.05.29-04.51.49:073][  0]LogConfig: Setting CVar [[r.DOF.Recombine.EnableBokehSettings:0    ; no bokeh simulation on slight out of focus]]
[2019.05.29-04.51.49:073][  0]LogConfig: Setting CVar [[r.DOF.TemporalAAQuality:1                ; more stable temporal accumulation]]
[2019.05.29-04.51.49:073][  0]LogConfig: Setting CVar [[r.DOF.Kernel.MaxForegroundRadius:0.025]]
[2019.05.29-04.51.49:073][  0]LogConfig: Setting CVar [[r.DOF.Kernel.MaxBackgroundRadius:0.025]]
[2019.05.29-04.51.49:073][  0]LogConfig: Applying CVar settings from Section [TextureQuality@3] File [D:/Documents/Unreal Projects/ES3LandscapeCrash/Saved/Config/Windows/Scalability.ini]
[2019.05.29-04.51.49:073][  0]LogConfig: Setting CVar [[r.Streaming.MipBias:0]]
[2019.05.29-04.51.49:073][  0]LogConfig: Setting CVar [[r.Streaming.AmortizeCPUToGPUCopy:0]]
[2019.05.29-04.51.49:073][  0]LogConfig: Setting CVar [[r.Streaming.MaxNumTexturesToStreamPerFrame:0]]
[2019.05.29-04.51.49:073][  0]LogConfig: Setting CVar [[r.Streaming.Boost:1]]
[2019.05.29-04.51.49:073][  0]LogConfig: Setting CVar [[r.MaxAnisotropy:8]]
[2019.05.29-04.51.49:073][  0]LogConfig: Setting CVar [[r.Streaming.LimitPoolSizeToVRAM:0]]
[2019.05.29-04.51.49:073][  0]LogConfig: Setting CVar [[r.Streaming.PoolSize:1000]]
[2019.05.29-04.51.49:073][  0]LogConfig: Setting CVar [[r.Streaming.MaxEffectiveScreenSize:0]]
[2019.05.29-04.51.49:073][  0]LogConfig: Applying CVar settings from Section [EffectsQuality@3] File [D:/Documents/Unreal Projects/ES3LandscapeCrash/Saved/Config/Windows/Scalability.ini]
[2019.05.29-04.51.49:073][  0]LogConfig: Setting CVar [[r.TranslucencyLightingVolumeDim:64]]
[2019.05.29-04.51.49:073][  0]LogConfig: Setting CVar [[r.RefractionQuality:2]]
[2019.05.29-04.51.49:073][  0]LogConfig: Setting CVar [[r.SSR.Quality:3]]
[2019.05.29-04.51.49:073][  0]LogConfig: Setting CVar [[r.SceneColorFormat:4]]
[2019.05.29-04.51.49:073][  0]LogConfig: Setting CVar [[r.DetailMode:2]]
[2019.05.29-04.51.49:073][  0]LogConfig: Setting CVar [[r.TranslucencyVolumeBlur:1]]
[2019.05.29-04.51.49:073][  0]LogConfig: Setting CVar [[r.MaterialQualityLevel:1 ; High quality]]
[2019.05.29-04.51.49:073][  0]LogConfig: Setting CVar [[r.SSS.Scale:1]]
[2019.05.29-04.51.49:073][  0]LogConfig: Setting CVar [[r.SSS.SampleSet:2]]
[2019.05.29-04.51.49:073][  0]LogConfig: Setting CVar [[r.SSS.Quality:1]]
[2019.05.29-04.51.49:073][  0]LogConfig: Setting CVar [[r.SSS.HalfRes:1]]
[2019.05.29-04.51.49:073][  0]LogConfig: Setting CVar [[r.EmitterSpawnRateScale:1.0]]
[2019.05.29-04.51.49:073][  0]LogConfig: Setting CVar [[r.ParticleLightQuality:2]]
[2019.05.29-04.51.49:074][  0]LogConfig: Applying CVar settings from Section [FoliageQuality@3] File [D:/Documents/Unreal Projects/ES3LandscapeCrash/Saved/Config/Windows/Scalability.ini]
[2019.05.29-04.51.49:074][  0]LogConfig: Setting CVar [[foliage.DensityScale:1.0]]
[2019.05.29-04.51.49:074][  0]LogConfig: Setting CVar [[grass.DensityScale:1.0]]
[2019.05.29-04.51.49:074][  0]LogInit: Selected Device Profile: [Windows]
[2019.05.29-04.51.49:074][  0]LogInit: Applying CVar settings loaded from the selected device profile: [Windows]
[2019.05.29-04.51.49:098][  0]LogHAL: Display: Platform has ~ 16 GB [17029038080 / 17179869184 / 16], which maps to Larger [LargestMinGB=32, LargerMinGB=12, DefaultMinGB=8, SmallerMinGB=6, SmallestMinGB=0)
[2019.05.29-04.51.49:098][  0]LogConfig: Setting CVar [[r.Vulkan.UseRealUBs:0		; Required until we fix HLR fall-out]]
[2019.05.29-04.51.49:098][  0]LogInit: Going up to parent DeviceProfile []
[2019.05.29-04.51.49:098][  0]LogConfig: Applying CVar settings from Section [ViewDistanceQuality@3] File [D:/Documents/Unreal Projects/ES3LandscapeCrash/Saved/Config/Windows/Scalability.ini]
[2019.05.29-04.51.49:098][  0]LogConfig: Setting CVar [[r.SkeletalMeshLODBias:0]]
[2019.05.29-04.51.49:098][  0]LogConfig: Setting CVar [[r.ViewDistanceScale:1.0]]
[2019.05.29-04.51.49:098][  0]LogConfig: Applying CVar settings from Section [AntiAliasingQuality@3] File [D:/Documents/Unreal Projects/ES3LandscapeCrash/Saved/Config/Windows/Scalability.ini]
[2019.05.29-04.51.49:098][  0]LogConfig: Setting CVar [[r.PostProcessAAQuality:4]]
[2019.05.29-04.51.49:098][  0]LogConfig: Applying CVar settings from Section [ShadowQuality@3] File [D:/Documents/Unreal Projects/ES3LandscapeCrash/Saved/Config/Windows/Scalability.ini]
[2019.05.29-04.51.49:098][  0]LogConfig: Setting CVar [[r.LightFunctionQuality:1]]
[2019.05.29-04.51.49:098][  0]LogConfig: Setting CVar [[r.ShadowQuality:5]]
[2019.05.29-04.51.49:098][  0]LogConfig: Setting CVar [[r.Shadow.CSM.MaxCascades:10]]
[2019.05.29-04.51.49:098][  0]LogConfig: Setting CVar [[r.Shadow.MaxResolution:2048]]
[2019.05.29-04.51.49:098][  0]LogConfig: Setting CVar [[r.Shadow.MaxCSMResolution:2048]]
[2019.05.29-04.51.49:098][  0]LogConfig: Setting CVar [[r.Shadow.RadiusThreshold:0.01]]
[2019.05.29-04.51.49:098][  0]LogConfig: Setting CVar [[r.Shadow.DistanceScale:1.0]]
[2019.05.29-04.51.49:098][  0]LogConfig: Setting CVar [[r.Shadow.CSM.TransitionScale:1.0]]
[2019.05.29-04.51.49:098][  0]LogConfig: Setting CVar [[r.Shadow.PreShadowResolutionFactor:1.0]]
[2019.05.29-04.51.49:098][  0]LogConfig: Setting CVar [[r.DistanceFieldShadowing:1]]
[2019.05.29-04.51.49:098][  0]LogConfig: Setting CVar [[r.DistanceFieldAO:1]]
[2019.05.29-04.51.49:098][  0]LogConfig: Setting CVar [[r.AOQuality:2]]
[2019.05.29-04.51.49:099][  0]LogConfig: Setting CVar [[r.VolumetricFog:1]]
[2019.05.29-04.51.49:099][  0]LogConfig: Setting CVar [[r.VolumetricFog.GridPixelSize:8]]
[2019.05.29-04.51.49:099][  0]LogConfig: Setting CVar [[r.VolumetricFog.GridSizeZ:128]]
[2019.05.29-04.51.49:099][  0]LogConfig: Setting CVar [[r.VolumetricFog.HistoryMissSupersampleCount:4]]
[2019.05.29-04.51.49:099][  0]LogConfig: Setting CVar [[r.LightMaxDrawDistanceScale:1]]
[2019.05.29-04.51.49:099][  0]LogConfig: Setting CVar [[r.CapsuleShadows:1]]
[2019.05.29-04.51.49:099][  0]LogConfig: Applying CVar settings from Section [PostProcessQuality@3] File [D:/Documents/Unreal Projects/ES3LandscapeCrash/Saved/Config/Windows/Scalability.ini]
[2019.05.29-04.51.49:099][  0]LogConfig: Setting CVar [[r.MotionBlurQuality:4]]
[2019.05.29-04.51.49:099][  0]LogConfig: Setting CVar [[r.AmbientOcclusionMipLevelFactor:0.4]]
[2019.05.29-04.51.49:099][  0]LogConfig: Setting CVar [[r.AmbientOcclusionMaxQuality:100]]
[2019.05.29-04.51.49:099][  0]LogConfig: Setting CVar [[r.AmbientOcclusionLevels:-1]]
[2019.05.29-04.51.49:099][  0]LogConfig: Setting CVar [[r.AmbientOcclusionRadiusScale:1.0]]
[2019.05.29-04.51.49:099][  0]LogConfig: Setting CVar [[r.DepthOfFieldQuality:2]]
[2019.05.29-04.51.49:099][  0]LogConfig: Setting CVar [[r.RenderTargetPoolMin:400]]
[2019.05.29-04.51.49:099][  0]LogConfig: Setting CVar [[r.LensFlareQuality:2]]
[2019.05.29-04.51.49:099][  0]LogConfig: Setting CVar [[r.SceneColorFringeQuality:1]]
[2019.05.29-04.51.49:099][  0]LogConfig: Setting CVar [[r.EyeAdaptationQuality:2]]
[2019.05.29-04.51.49:099][  0]LogConfig: Setting CVar [[r.BloomQuality:5]]
[2019.05.29-04.51.49:099][  0]LogConfig: Setting CVar [[r.FastBlurThreshold:100]]
[2019.05.29-04.51.49:099][  0]LogConfig: Setting CVar [[r.Upscale.Quality:3]]
[2019.05.29-04.51.49:099][  0]LogConfig: Setting CVar [[r.Tonemapper.GrainQuantization:1]]
[2019.05.29-04.51.49:099][  0]LogConfig: Setting CVar [[r.LightShaftQuality:1]]
[2019.05.29-04.51.49:099][  0]LogConfig: Setting CVar [[r.Filter.SizeScale:1]]
[2019.05.29-04.51.49:099][  0]LogConfig: Setting CVar [[r.Tonemapper.Quality:5]]
[2019.05.29-04.51.49:099][  0]LogConfig: Setting CVar [[r.DOF.Gather.AccumulatorQuality:1        ; higher gathering accumulator quality]]
[2019.05.29-04.51.49:099][  0]LogConfig: Setting CVar [[r.DOF.Gather.PostfilterMethod:1          ; Median3x3 postfilering method]]
[2019.05.29-04.51.49:099][  0]LogConfig: Setting CVar [[r.DOF.Gather.EnableBokehSettings:0       ; no bokeh simulation when gathering]]
[2019.05.29-04.51.49:099][  0]LogConfig: Setting CVar [[r.DOF.Gather.RingCount:4                 ; medium number of samples when gathering]]
[2019.05.29-04.51.49:099][  0]LogConfig: Setting CVar [[r.DOF.Scatter.ForegroundCompositing:1    ; additive foreground scattering]]
[2019.05.29-04.51.49:099][  0]LogConfig: Setting CVar [[r.DOF.Scatter.BackgroundCompositing:2    ; additive background scattering]]
[2019.05.29-04.51.49:099][  0]LogConfig: Setting CVar [[r.DOF.Scatter.EnableBokehSettings:1      ; bokeh simulation when scattering]]
[2019.05.29-04.51.49:099][  0]LogConfig: Setting CVar [[r.DOF.Scatter.MaxSpriteRatio:0.1         ; only a maximum of 10% of scattered bokeh]]
[2019.05.29-04.51.49:099][  0]LogConfig: Setting CVar [[r.DOF.Recombine.Quality:1                ; cheap slight out of focus]]
[2019.05.29-04.51.49:099][  0]LogConfig: Setting CVar [[r.DOF.Recombine.EnableBokehSettings:0    ; no bokeh simulation on slight out of focus]]
[2019.05.29-04.51.49:099][  0]LogConfig: Setting CVar [[r.DOF.TemporalAAQuality:1                ; more stable temporal accumulation]]
[2019.05.29-04.51.49:099][  0]LogConfig: Setting CVar [[r.DOF.Kernel.MaxForegroundRadius:0.025]]
[2019.05.29-04.51.49:099][  0]LogConfig: Setting CVar [[r.DOF.Kernel.MaxBackgroundRadius:0.025]]
[2019.05.29-04.51.49:099][  0]LogConfig: Applying CVar settings from Section [TextureQuality@3] File [D:/Documents/Unreal Projects/ES3LandscapeCrash/Saved/Config/Windows/Scalability.ini]
[2019.05.29-04.51.49:099][  0]LogConfig: Setting CVar [[r.Streaming.MipBias:0]]
[2019.05.29-04.51.49:099][  0]LogConfig: Setting CVar [[r.Streaming.AmortizeCPUToGPUCopy:0]]
[2019.05.29-04.51.49:099][  0]LogConfig: Setting CVar [[r.Streaming.MaxNumTexturesToStreamPerFrame:0]]
[2019.05.29-04.51.49:099][  0]LogConfig: Setting CVar [[r.Streaming.Boost:1]]
[2019.05.29-04.51.49:100][  0]LogConfig: Setting CVar [[r.MaxAnisotropy:8]]
[2019.05.29-04.51.49:100][  0]LogConfig: Setting CVar [[r.Streaming.LimitPoolSizeToVRAM:0]]
[2019.05.29-04.51.49:100][  0]LogConfig: Setting CVar [[r.Streaming.PoolSize:1000]]
[2019.05.29-04.51.49:100][  0]LogConfig: Setting CVar [[r.Streaming.MaxEffectiveScreenSize:0]]
[2019.05.29-04.51.49:100][  0]LogConfig: Applying CVar settings from Section [EffectsQuality@3] File [D:/Documents/Unreal Projects/ES3LandscapeCrash/Saved/Config/Windows/Scalability.ini]
[2019.05.29-04.51.49:100][  0]LogConfig: Setting CVar [[r.TranslucencyLightingVolumeDim:64]]
[2019.05.29-04.51.49:100][  0]LogConfig: Setting CVar [[r.RefractionQuality:2]]
[2019.05.29-04.51.49:100][  0]LogConfig: Setting CVar [[r.SSR.Quality:3]]
[2019.05.29-04.51.49:100][  0]LogConfig: Setting CVar [[r.SceneColorFormat:4]]
[2019.05.29-04.51.49:100][  0]LogConfig: Setting CVar [[r.DetailMode:2]]
[2019.05.29-04.51.49:100][  0]LogConfig: Setting CVar [[r.TranslucencyVolumeBlur:1]]
[2019.05.29-04.51.49:100][  0]LogConfig: Setting CVar [[r.MaterialQualityLevel:1 ; High quality]]
[2019.05.29-04.51.49:100][  0]LogConfig: Setting CVar [[r.SSS.Scale:1]]
[2019.05.29-04.51.49:100][  0]LogConfig: Setting CVar [[r.SSS.SampleSet:2]]
[2019.05.29-04.51.49:100][  0]LogConfig: Setting CVar [[r.SSS.Quality:1]]
[2019.05.29-04.51.49:100][  0]LogConfig: Setting CVar [[r.SSS.HalfRes:1]]
[2019.05.29-04.51.49:100][  0]LogConfig: Setting CVar [[r.EmitterSpawnRateScale:1.0]]
[2019.05.29-04.51.49:100][  0]LogConfig: Setting CVar [[r.ParticleLightQuality:2]]
[2019.05.29-04.51.49:100][  0]LogConfig: Applying CVar settings from Section [FoliageQuality@3] File [D:/Documents/Unreal Projects/ES3LandscapeCrash/Saved/Config/Windows/Scalability.ini]
[2019.05.29-04.51.49:100][  0]LogConfig: Setting CVar [[foliage.DensityScale:1.0]]
[2019.05.29-04.51.49:100][  0]LogConfig: Setting CVar [[grass.DensityScale:1.0]]
[2019.05.29-04.51.49:100][  0]LogConfig: Applying CVar settings from Section [Startup] File [../../../Engine/Config/ConsoleVariables.ini]
[2019.05.29-04.51.49:100][  0]LogConfig: Setting CVar [[net.UseAdaptiveNetUpdateFrequency:0]]
[2019.05.29-04.51.49:100][  0]LogConfig: Setting CVar [[p.chaos.AllowCreatePhysxBodies:1]]
[2019.05.29-04.51.49:100][  0]LogConfig: Applying CVar settings from Section [ConsoleVariables] File [D:/Documents/Unreal Projects/ES3LandscapeCrash/Saved/Config/Windows/Engine.ini]
[2019.05.29-04.51.49:101][  0]LogInit: Computer: PC2
[2019.05.29-04.51.49:101][  0]LogInit: User: pc3
[2019.05.29-04.51.49:101][  0]LogInit: CPU Page size=4096, Cores=6
[2019.05.29-04.51.49:101][  0]LogInit: High frequency timer resolution =10.000000 MHz
[2019.05.29-04.51.49:101][  0]LogMemory: Memory total: Physical=15.9GB (16GB approx)
[2019.05.29-04.51.49:101][  0]LogMemory: Platform Memory Stats for Windows
[2019.05.29-04.51.49:101][  0]LogMemory: Process Physical Memory: 97.67 MB used, 97.67 MB peak
[2019.05.29-04.51.49:101][  0]LogMemory: Process Virtual Memory: 90.00 MB used, 90.00 MB peak
[2019.05.29-04.51.49:101][  0]LogMemory: Physical Memory: 7600.28 MB used,  8639.88 MB free, 16240.16 MB total
[2019.05.29-04.51.49:101][  0]LogMemory: Virtual Memory: 4674.52 MB used,  134213056.00 MB free, 134217728.00 MB total
[2019.05.29-04.51.49:145][  0]LogInit: Using OS detected language (ko-KR).
[2019.05.29-04.51.49:145][  0]LogInit: Using OS detected locale (ko-KR).
[2019.05.29-04.51.49:147][  0]LogTextLocalizationManager: No specific localization for 'ko-KR' exists, so the 'ko' localization will be used.
[2019.05.29-04.51.49:387][  0]LogInit: Setting process to per monitor DPI aware
[2019.05.29-04.51.49:460][  0]LogSlate: New Slate User Created.  User Index 0, Is Virtual User: 0
[2019.05.29-04.51.49:460][  0]LogSlate: Slate User Registered.  User Index 0, Is Virtual User: 0
[2019.05.29-04.51.49:854][  0]LogHMD: Failed to initialize OpenVR with code 110
[2019.05.29-04.51.49:854][  0]LogD3D11RHI: D3D11 adapters:
[2019.05.29-04.51.49:988][  0]LogD3D11RHI:    0. 'NVIDIA GeForce GTX 1060' (Feature Level 11_0)
[2019.05.29-04.51.49:988][  0]LogD3D11RHI:       6052/0/8120 MB DedicatedVideo/DedicatedSystem/SharedSystem, Outputs:1, VendorId:0x10de
[2019.05.29-04.51.50:012][  0]LogD3D11RHI:    1. 'Intel(R) UHD Graphics 630' (Feature Level 11_0)
[2019.05.29-04.51.50:013][  0]LogD3D11RHI:       128/0/8120 MB DedicatedVideo/DedicatedSystem/SharedSystem, Outputs:0, VendorId:0x8086
[2019.05.29-04.51.50:017][  0]LogD3D11RHI:    2. 'Microsoft Basic Render Driver' (Feature Level 11_0)
[2019.05.29-04.51.50:018][  0]LogD3D11RHI:       0/0/8120 MB DedicatedVideo/DedicatedSystem/SharedSystem, Outputs:0, VendorId:0x1414
[2019.05.29-04.51.50:018][  0]LogD3D11RHI: Chosen D3D11 Adapter: 0
[2019.05.29-04.51.50:077][  0]LogD3D11RHI: Creating new Direct3DDevice
[2019.05.29-04.51.50:077][  0]LogD3D11RHI:     GPU DeviceId: 0x1c20 (for the marketing name, search the web for "GPU Device Id")
[2019.05.29-04.51.50:077][  0]LogWindows: EnumDisplayDevices:
[2019.05.29-04.51.50:078][  0]LogWindows:    0. 'Intel(R) UHD Graphics 630' (P:1 D:1)
[2019.05.29-04.51.50:078][  0]LogWindows:    1. 'Intel(R) UHD Graphics 630' (P:0 D:0)
[2019.05.29-04.51.50:079][  0]LogWindows:    2. 'Intel(R) UHD Graphics 630' (P:0 D:0)
[2019.05.29-04.51.50:079][  0]LogWindows:    3. 'NVIDIA GeForce GTX 1060' (P:0 D:0)
[2019.05.29-04.51.50:079][  0]LogWindows:    4. 'NVIDIA GeForce GTX 1060' (P:0 D:0)
[2019.05.29-04.51.50:080][  0]LogWindows:    5. 'NVIDIA GeForce GTX 1060' (P:0 D:0)
[2019.05.29-04.51.50:081][  0]LogWindows:    6. 'NVIDIA GeForce GTX 1060' (P:0 D:0)
[2019.05.29-04.51.50:081][  0]LogWindows: DebugString: PrimaryIsNotTheChoosenAdapter PrimaryIsNotTheChoosenAdapter PrimaryIsNotTheChoosenAdapter FoundDriverCount:4 
[2019.05.29-04.51.50:081][  0]LogD3D11RHI:     Adapter Name: NVIDIA GeForce GTX 1060
[2019.05.29-04.51.50:081][  0]LogD3D11RHI:   Driver Version: 398.75 (internal:24.21.13.9875, unified:398.75)
[2019.05.29-04.51.50:081][  0]LogD3D11RHI:      Driver Date: 7-24-2018
[2019.05.29-04.51.50:081][  0]LogRHI: Texture pool is 4236 MB (70% of 6052 MB)
[2019.05.29-04.51.50:162][  0]LogD3D11RHI: Async texture creation enabled
[2019.05.29-04.51.50:171][  0]LogRendererCore: FGlobalReadBuffer::InitRHI
[2019.05.29-04.51.50:172][  0]LogRendererCore: FGlobalReadBuffer::InitRHI
[2019.05.29-04.51.50:172][  0]LogRendererCore: FGlobalReadBuffer::InitRHI
[2019.05.29-04.51.50:189][  0]LogD3D11RHI: GPU Timing Frequency: 1000.000000 (Debug: 2 2)
[2019.05.29-04.51.50:679][  0]LogTemp: Display: Module 'AllDesktopTargetPlatform' loaded TargetPlatform 'AllDesktop'
[2019.05.29-04.51.50:705][  0]LogTemp: Display: Module 'MacClientTargetPlatform' loaded TargetPlatform 'MacClient'
[2019.05.29-04.51.50:730][  0]LogTemp: Display: Module 'MacNoEditorTargetPlatform' loaded TargetPlatform 'MacNoEditor'
[2019.05.29-04.51.50:755][  0]LogTemp: Display: Module 'MacServerTargetPlatform' loaded TargetPlatform 'MacServer'
[2019.05.29-04.51.50:778][  0]LogTemp: Display: Module 'MacTargetPlatform' loaded TargetPlatform 'Mac'
[2019.05.29-04.51.50:800][  0]LogTemp: Display: Module 'WindowsClientTargetPlatform' loaded TargetPlatform 'WindowsClient'
[2019.05.29-04.51.50:820][  0]LogTemp: Display: Module 'WindowsNoEditorTargetPlatform' loaded TargetPlatform 'WindowsNoEditor'
[2019.05.29-04.51.50:846][  0]LogTemp: Display: Module 'WindowsServerTargetPlatform' loaded TargetPlatform 'WindowsServer'
[2019.05.29-04.51.50:858][  0]LogTemp: Display: Module 'WindowsTargetPlatform' loaded TargetPlatform 'Windows'
[2019.05.29-04.51.50:994][  0]LogTemp: Display: Module 'AndroidTargetPlatform' loaded TargetPlatform 'Android'
[2019.05.29-04.51.50:994][  0]LogTemp: Display: Module 'AndroidTargetPlatform' loaded TargetPlatform 'Android_ASTC'
[2019.05.29-04.51.50:994][  0]LogTemp: Display: Module 'AndroidTargetPlatform' loaded TargetPlatform 'Android_ATC'
[2019.05.29-04.51.50:994][  0]LogTemp: Display: Module 'AndroidTargetPlatform' loaded TargetPlatform 'Android_DXT'
[2019.05.29-04.51.50:994][  0]LogTemp: Display: Module 'AndroidTargetPlatform' loaded TargetPlatform 'Android_ETC1'
[2019.05.29-04.51.50:994][  0]LogTemp: Display: Module 'AndroidTargetPlatform' loaded TargetPlatform 'Android_ETC1a'
[2019.05.29-04.51.50:994][  0]LogTemp: Display: Module 'AndroidTargetPlatform' loaded TargetPlatform 'Android_ETC2'
[2019.05.29-04.51.50:994][  0]LogTemp: Display: Module 'AndroidTargetPlatform' loaded TargetPlatform 'Android_PVRTC'
[2019.05.29-04.51.50:994][  0]LogTemp: Display: Module 'AndroidTargetPlatform' loaded TargetPlatform 'AndroidClient'
[2019.05.29-04.51.50:994][  0]LogTemp: Display: Module 'AndroidTargetPlatform' loaded TargetPlatform 'Android_ASTCClient'
[2019.05.29-04.51.50:994][  0]LogTemp: Display: Module 'AndroidTargetPlatform' loaded TargetPlatform 'Android_ATCClient'
[2019.05.29-04.51.50:994][  0]LogTemp: Display: Module 'AndroidTargetPlatform' loaded TargetPlatform 'Android_DXTClient'
[2019.05.29-04.51.50:994][  0]LogTemp: Display: Module 'AndroidTargetPlatform' loaded TargetPlatform 'Android_ETC1Client'
[2019.05.29-04.51.50:994][  0]LogTemp: Display: Module 'AndroidTargetPlatform' loaded TargetPlatform 'Android_ETC1aClient'
[2019.05.29-04.51.50:994][  0]LogTemp: Display: Module 'AndroidTargetPlatform' loaded TargetPlatform 'Android_ETC2Client'
[2019.05.29-04.51.50:994][  0]LogTemp: Display: Module 'AndroidTargetPlatform' loaded TargetPlatform 'Android_PVRTCClient'
[2019.05.29-04.51.50:994][  0]LogTemp: Display: Module 'AndroidTargetPlatform' loaded TargetPlatform 'Android_Multi'
[2019.05.29-04.51.50:994][  0]LogTemp: Display: Module 'AndroidTargetPlatform' loaded TargetPlatform 'Android_MultiClient'
[2019.05.29-04.51.50:997][  0]LogTemp: Display: Module 'HTML5TargetPlatform' loaded TargetPlatform 'HTML5'
[2019.05.29-04.51.51:065][  0]LogTemp: Display: Module 'IOSTargetPlatform' loaded TargetPlatform 'IOSClient'
[2019.05.29-04.51.51:065][  0]LogTemp: Display: Module 'IOSTargetPlatform' loaded TargetPlatform 'IOS'
[2019.05.29-04.51.51:102][  0]LogTemp: Display: Module 'TVOSTargetPlatform' loaded TargetPlatform 'TVOSClient'
[2019.05.29-04.51.51:102][  0]LogTemp: Display: Module 'TVOSTargetPlatform' loaded TargetPlatform 'TVOS'
[2019.05.29-04.51.51:176][  0]LogTemp: Display: Module 'LuminTargetPlatform' loaded TargetPlatform 'Lumin'
[2019.05.29-04.51.51:176][  0]LogTemp: Display: Module 'LuminTargetPlatform' loaded TargetPlatform 'LuminClient'
[2019.05.29-04.51.51:176][  0]LogTargetPlatformManager: Display: Building Assets For Windows
[2019.05.29-04.51.51:191][  0]LogAudioDebug: Display: Lib vorbis DLL was dynamically loaded.
[2019.05.29-04.51.51:279][  0]LogShaderCompilers: Guid format shader working directory is -3 characters bigger than the processId version (D:/Documents/Unreal Projects/ES3LandscapeCrash/Intermediate/Shaders/WorkingDirectory/14876/).
[2019.05.29-04.51.51:280][  0]LogShaderCompilers: Cleaned the shader compiler working directory 'C:/Users/pc3/AppData/Local/Temp/UnrealShaderWorkingDir/149E99AC4C43CA3F9E0346B6A32AF621/'.
[2019.05.29-04.51.51:284][  0]LogXGEController: Cannot use XGE Controller as Incredibuild is not installed on this machine.
[2019.05.29-04.51.51:284][  0]LogShaderCompilers: Cannot use XGE Shader Compiler as Incredibuild is not installed on this machine.
[2019.05.29-04.51.51:284][  0]LogShaderCompilers: Display: Using Local Shader Compiler.
[2019.05.29-04.51.52:458][  0]LogDerivedDataCache: Display: Max Cache Size: 512 MB
[2019.05.29-04.51.52:458][  0]LogDerivedDataCache: Display: Starting with empty Boot cache
[2019.05.29-04.51.52:459][  0]LogDerivedDataCache: FDerivedDataBackendGraph:  Pak pak cache file D:/Documents/Unreal Projects/ES3LandscapeCrash/DerivedDataCache/DDC.ddp not found, will not use a pak cache.
[2019.05.29-04.51.52:459][  0]LogDerivedDataCache: Unable to find inner node Pak for hierarchical cache Hierarchy.
[2019.05.29-04.51.52:459][  0]LogDerivedDataCache: FDerivedDataBackendGraph:  EnginePak pak cache file ../../../Engine/DerivedDataCache/DDC.ddp not found, will not use a pak cache.
[2019.05.29-04.51.52:459][  0]LogDerivedDataCache: Unable to find inner node EnginePak for hierarchical cache Hierarchy.
[2019.05.29-04.51.52:473][  0]LogDerivedDataCache: Using Local data cache path ../../../Engine/DerivedDataCache: Writable
[2019.05.29-04.51.52:473][  0]LogDerivedDataCache: Shared data cache path not found in *engine.ini, will not use an Shared cache.
[2019.05.29-04.51.52:473][  0]LogDerivedDataCache: Unable to find inner node Shared for hierarchical cache Hierarchy.
[2019.05.29-04.51.52:668][  0]LogMaterial: Verifying Global Shaders for PCD3D_SM5
[2019.05.29-04.51.52:670][  0]LogSlate: Using FreeType 2.6.0
[2019.05.29-04.51.52:672][  0]LogSlate: SlateFontServices - WITH_FREETYPE: 1, WITH_HARFBUZZ: 1
[2019.05.29-04.51.52:797][  0]LogAssetRegistry: FAssetRegistry took 0.0393 seconds to start up
[2019.05.29-04.51.53:514][  0]LogInit: Selected Device Profile: [Windows]
[2019.05.29-04.51.53:920][  0]LogMeshReduction: Using QuadricMeshReduction for automatic static mesh reduction
[2019.05.29-04.51.53:920][  0]LogMeshReduction: Using SimplygonMeshReduction for automatic skeletal mesh reduction
[2019.05.29-04.51.53:920][  0]LogMeshReduction: Using ProxyLODMeshReduction for automatic mesh merging
[2019.05.29-04.51.53:920][  0]LogMeshReduction: No distributed automatic mesh merging module available
[2019.05.29-04.51.53:920][  0]LogMeshMerging: No distributed automatic mesh merging module available
[2019.05.29-04.51.54:060][  0]LogNetVersion: ES3LandscapeCrash 1.0.0, NetCL: 0, EngineNetVer: 10, GameNetVer: 0 (Checksum: 2781040957)
[2019.05.29-04.51.56:572][  0]LogPackageLocalizationCache: Processed 10 localized package path(s) for 1 prioritized culture(s) in 0.125498 seconds
[2019.05.29-04.51.56:593][  0]LogUObjectArray: 42194 objects as part of root set at end of initial load.
[2019.05.29-04.51.56:594][  0]LogUObjectAllocator: 7322816 out of 0 bytes used by permanent object pool.
[2019.05.29-04.51.56:594][  0]LogUObjectArray: CloseDisregardForGC: 0/0 objects in disregard for GC pool
[2019.05.29-04.51.58:503][  0]LogTcpMessaging: Initializing TcpMessaging bridge
[2019.05.29-04.51.58:544][  0]LogUdpMessaging: Initializing bridge on interface 0.0.0.0:0 to multicast group 230.0.0.1:6666.
[2019.05.29-04.51.58:788][  0]SourceControl: 소스 컨트롤이 꺼져 있습니다.
[2019.05.29-04.51.58:788][  0]SourceControl: 소스 컨트롤이 꺼져 있습니다.
[2019.05.29-04.51.58:790][  0]SourceControl: 소스 컨트롤이 꺼져 있습니다.
[2019.05.29-04.51.58:792][  0]SourceControl: 소스 컨트롤이 꺼져 있습니다.
[2019.05.29-04.51.58:950][  0]LogAndroidPermission: UAndroidPermissionCallbackProxy::GetInstance
[2019.05.29-04.51.59:134][  0]LogOcInput: OculusInput pre-init called
[2019.05.29-04.52.00:358][  0]LogEngine: Initializing Engine...
[2019.05.29-04.52.00:360][  0]LogHMD: Failed to initialize OpenVR with code 110
[2019.05.29-04.52.00:362][  0]LogStats: UGameplayTagsManager::InitializeManager -  0.000 s
[2019.05.29-04.52.01:391][  0]LogInit: Initializing FReadOnlyCVARCache
[2019.05.29-04.52.01:412][  0]LogAIModule: Creating AISystem for world Untitled
[2019.05.29-04.52.01:448][  0]LogInit: XAudio2 using '스피커(High Definition Audio 장치)' : 2 channels at 48 kHz using 16 bits per sample (channel mask 0x3)
[2019.05.29-04.52.01:481][  0]LogInit: FAudioDevice initialized.
[2019.05.29-04.52.01:482][  0]LogNetVersion: Set ProjectVersion to 1.0.0.0. Version Checksum will be recalculated on next use.
[2019.05.29-04.52.01:563][  0]LogDerivedDataCache: Saved boot cache 0.08s 71MB D:/Documents/Unreal Projects/ES3LandscapeCrash/DerivedDataCache/Boot.ddc.
[2019.05.29-04.52.01:586][  0]LogInit: Texture streaming: Enabled
[2019.05.29-04.52.01:623][  0]LogEngineSessionManager: EngineSessionManager initialized
[2019.05.29-04.52.01:672][  0]LogInit: Transaction tracking system initialized
[2019.05.29-04.52.01:718][  0]BlueprintLog: New page: 에디터 로드
[2019.05.29-04.52.01:941][  0]LocalizationService: 현지화 서비스가 비활성화되었습니다.
[2019.05.29-04.52.02:936][  0]LogFileCache: Scanning file cache for directory 'D:/Documents/Unreal Projects/ES3LandscapeCrash/Content/' took 0.01s
[2019.05.29-04.52.02:936][  0]LogCook: Display: Max memory allowance for cook 16384mb min free memory 0mb
[2019.05.29-04.52.02:936][  0]LogCook: Display: Mobile HDR setting 1
[2019.05.29-04.52.03:303][  0]SourceControl: 소스 컨트롤이 꺼져 있습니다.
[2019.05.29-04.52.03:303][  0]Cmd: MAP LOAD FILE="../../../Engine/Content/Maps/Templates/Template_Default.umap" TEMPLATE=1 SHOWPROGRESS=1 FEATURELEVEL=3
[2019.05.29-04.52.03:303][  0]LightingResults: New page: 라이팅 빌드
[2019.05.29-04.52.03:307][  0]MapCheck: New page: 맵 체크
[2019.05.29-04.52.03:307][  0]LightingResults: New page: 라이팅 빌드
[2019.05.29-04.52.03:350][  0]LogUObjectHash: Compacting FUObjectHashTables data took   4.80ms
[2019.05.29-04.52.03:523][  0]LogAIModule: Creating AISystem for world Untitled_1
[2019.05.29-04.52.03:533][  0]LogEditorServer: Finished looking for orphan Actors (0.000 secs)
[2019.05.29-04.52.03:585][  0]LogUObjectHash: Compacting FUObjectHashTables data took   5.41ms
[2019.05.29-04.52.03:586][  0]Cmd: MAP CHECKDEP NOCLEARLOG
[2019.05.29-04.52.03:586][  0]MapCheck: 맵 체크 완료: 오류 0 회, 경고 0 회, 소요 시간 0.174ms.
[2019.05.29-04.52.03:586][  0]LogFileHelpers: Loading map 'Template_Default' took 0.284
[2019.05.29-04.52.03:734][  0]LogSlate: Updating window title bar state: overlay mode, drag disabled, window buttons hidden, title bar hidden
[2019.05.29-04.52.03:752][  0]LogSlate: Updating window title bar state: overlay mode, drag disabled, window buttons hidden, title bar hidden
[2019.05.29-04.52.03:771][  0]LogSlate: Updating window title bar state: overlay mode, drag disabled, window buttons hidden, title bar hidden
[2019.05.29-04.52.03:789][  0]LogSlate: Updating window title bar state: overlay mode, drag disabled, window buttons hidden, title bar hidden
[2019.05.29-04.52.03:800][  0]LogCollectionManager: Loaded 0 collections in 0.002306 seconds
[2019.05.29-04.52.03:848][  0]LogFileCache: Scanning file cache for directory 'D:/Documents/Unreal Projects/ES3LandscapeCrash/Saved/Collections/' took 0.01s
[2019.05.29-04.52.03:849][  0]LogFileCache: Scanning file cache for directory 'D:/Documents/Unreal Projects/ES3LandscapeCrash/Content/Developers/pc3/Collections/' took 0.01s
[2019.05.29-04.52.03:849][  0]LogFileCache: Scanning file cache for directory 'D:/Documents/Unreal Projects/ES3LandscapeCrash/Content/Collections/' took 0.01s
[2019.05.29-04.52.03:849][  0]LogCollectionManager: Rebuilt the GUID cache for 0 collections in 0.000001 seconds
[2019.05.29-04.52.03:868][  0]LogContentBrowser: Native class hierarchy populated in 0.0189 seconds. Added 2731 classes and 657 folders.
[2019.05.29-04.52.03:878][  0]LogContentBrowser: Native class hierarchy updated for 'WidgetCarousel' in 0.0005 seconds. Added 0 classes and 0 folders.
[2019.05.29-04.52.03:880][  0]LogPakFile: Registered encryption key '00000000000000000000000000000000': 0 pak files mounted, 0 remain pending
[2019.05.29-04.52.03:882][  0]LogPakFile: Registered encryption key '00000000000000000000000000000000': 0 pak files mounted, 0 remain pending
[2019.05.29-04.52.03:883][  0]LogPakFile: Registered encryption key '00000000000000000000000000000000': 0 pak files mounted, 0 remain pending
[2019.05.29-04.52.03:884][  0]LogPakFile: Registered encryption key '00000000000000000000000000000000': 0 pak files mounted, 0 remain pending
[2019.05.29-04.52.03:885][  0]LogPakFile: Registered encryption key '00000000000000000000000000000000': 0 pak files mounted, 0 remain pending
[2019.05.29-04.52.03:885][  0]LogPakFile: Registered encryption key '00000000000000000000000000000000': 0 pak files mounted, 0 remain pending
[2019.05.29-04.52.03:886][  0]LogPakFile: Registered encryption key '00000000000000000000000000000000': 0 pak files mounted, 0 remain pending
[2019.05.29-04.52.03:887][  0]LogPakFile: Registered encryption key '00000000000000000000000000000000': 0 pak files mounted, 0 remain pending
[2019.05.29-04.52.03:888][  0]LogPakFile: Registered encryption key '00000000000000000000000000000000': 0 pak files mounted, 0 remain pending
[2019.05.29-04.52.03:889][  0]LogPakFile: Registered encryption key '00000000000000000000000000000000': 0 pak files mounted, 0 remain pending
[2019.05.29-04.52.03:890][  0]LogPakFile: Registered encryption key '00000000000000000000000000000000': 0 pak files mounted, 0 remain pending
[2019.05.29-04.52.03:892][  0]LogPakFile: Registered encryption key '00000000000000000000000000000000': 0 pak files mounted, 0 remain pending
[2019.05.29-04.52.03:892][  0]LogPakFile: Registered encryption key '00000000000000000000000000000000': 0 pak files mounted, 0 remain pending
[2019.05.29-04.52.03:893][  0]LogPakFile: Registered encryption key '00000000000000000000000000000000': 0 pak files mounted, 0 remain pending
[2019.05.29-04.52.03:894][  0]LogPakFile: Registered encryption key '00000000000000000000000000000000': 0 pak files mounted, 0 remain pending
[2019.05.29-04.52.03:895][  0]LogPakFile: Registered encryption key '00000000000000000000000000000000': 0 pak files mounted, 0 remain pending
[2019.05.29-04.52.03:897][  0]LogPakFile: Registered encryption key '00000000000000000000000000000000': 0 pak files mounted, 0 remain pending
[2019.05.29-04.52.03:898][  0]LogPakFile: Registered encryption key '00000000000000000000000000000000': 0 pak files mounted, 0 remain pending
[2019.05.29-04.52.03:899][  0]LogPakFile: Registered encryption key '00000000000000000000000000000000': 0 pak files mounted, 0 remain pending
[2019.05.29-04.52.03:900][  0]LogPakFile: Registered encryption key '00000000000000000000000000000000': 0 pak files mounted, 0 remain pending
[2019.05.29-04.52.03:901][  0]LogPakFile: Registered encryption key '00000000000000000000000000000000': 0 pak files mounted, 0 remain pending
[2019.05.29-04.52.03:902][  0]LogPakFile: Registered encryption key '00000000000000000000000000000000': 0 pak files mounted, 0 remain pending
[2019.05.29-04.52.03:903][  0]LogPakFile: Registered encryption key '00000000000000000000000000000000': 0 pak files mounted, 0 remain pending
[2019.05.29-04.52.03:904][  0]LogPakFile: Registered encryption key '00000000000000000000000000000000': 0 pak files mounted, 0 remain pending
[2019.05.29-04.52.03:905][  0]LogPakFile: Registered encryption key '00000000000000000000000000000000': 0 pak files mounted, 0 remain pending
[2019.05.29-04.52.03:905][  0]LogPakFile: Registered encryption key '00000000000000000000000000000000': 0 pak files mounted, 0 remain pending
[2019.05.29-04.52.03:955][  0]LogContentBrowser: Native class hierarchy updated for 'AddContentDialog' in 0.0006 seconds. Added 0 classes and 0 folders.
[2019.05.29-04.52.03:969][  0]LogContentBrowser: Native class hierarchy updated for 'SceneOutliner' in 0.0008 seconds. Added 1 classes and 2 folders.
[2019.05.29-04.52.03:987][  0]LogContentBrowser: Native class hierarchy updated for 'WorldBrowser' in 0.0006 seconds. Added 2 classes and 3 folders.
[2019.05.29-04.52.04:017][  0]LogSlate: Took 0.000241 seconds to synchronously load lazily loaded font '../../../Engine/Content/Slate/Fonts/Roboto-Regular.ttf' (155K)
[2019.05.29-04.52.04:023][  0]LogSlate: Took 0.003803 seconds to synchronously load lazily loaded font '../../../Engine/Content/Editor/Slate/Fonts/NanumGothic.ttf' (4243K)
[2019.05.29-04.52.04:029][  0]LogSlate: Took 0.004095 seconds to synchronously load lazily loaded font '../../../Engine/Content/Editor/Slate/Fonts/NanumGothicBold.ttf' (4188K)
[2019.05.29-04.52.04:029][  0]LogSlate: Took 0.000297 seconds to synchronously load lazily loaded font '../../../Engine/Content/Slate/Fonts/Roboto-Bold.ttf' (160K)
[2019.05.29-04.52.04:039][  0]LogSlate: Took 0.000441 seconds to synchronously load lazily loaded font '../../../Engine/Content/Editor/Slate/Fonts/FontAwesome.ttf' (139K)
[2019.05.29-04.52.04:193][  0]LogRenderer: Reallocating scene render targets to support 1208x560 Format 10 NumSamples 1 (Frame:1).
[2019.05.29-04.52.04:603][  0]LogContentBrowser: Native class hierarchy updated for 'HierarchicalLODOutliner' in 0.0006 seconds. Added 0 classes and 0 folders.
[2019.05.29-04.52.04:603][  0]LogLoad: (Engine Initialization) Total time: 17.83 seconds
[2019.05.29-04.52.04:603][  0]LogLoad: (Engine Initialization) Total Blueprint compile time: 0.00 seconds
[2019.05.29-04.52.04:673][  0]LogContentStreaming: Texture pool size now 1000 MB
[2019.05.29-04.52.11:797][347]LogAssetRegistry: Asset discovery search completed in 19.0245 seconds
[2019.05.29-04.52.11:806][347]LogCollectionManager: Rebuilt the object cache for 0 collections in 0.000001 seconds (found 0 objects)
[2019.05.29-04.52.11:806][347]LogCollectionManager: Fixed up redirectors for 0 collections in 0.000149 seconds (updated 0 objects)
[2019.05.29-04.52.34:907][416]LogSlate: Took 0.000119 seconds to synchronously load lazily loaded font '../../../Engine/Content/Slate/Fonts/Roboto-Light.ttf' (167K)
[2019.05.29-04.52.38:711][530]LogSlate: FSceneViewport::OnFocusLost() reason 0
[2019.05.29-04.52.41:693][706]LogSlate: Window '플러그인' being destroyed
[2019.05.29-04.52.41:698][706]LogSlate: Window '플러그인' being destroyed
[2019.05.29-04.52.41:698][706]LogDirectoryWatcher: A directory notification for '../../../Engine/Plugins/' was aborted.
[2019.05.29-04.52.43:449][811]LogSlate: FSceneViewport::OnFocusLost() reason 2
[2019.05.29-04.52.45:249][919]LogSlate: FSceneViewport::OnFocusLost() reason 2
[2019.05.29-04.53.07:978][277]Cmd: CLOSE_SLATE_MAINFRAME
[2019.05.29-04.53.08:004][277]LogUObjectHash: Compacting FUObjectHashTables data took   0.59ms
[2019.05.29-04.53.08:038][277]LogSlate: Window '플러그인' being destroyed
[2019.05.29-04.53.08:043][277]LogDirectoryWatcher: A directory notification for '../../../Engine/Plugins/' was aborted.
[2019.05.29-04.53.08:045][277]LogSlate: Window 'ES3LandscapeCrash - 언리얼 에디터' being destroyed
[2019.05.29-04.53.08:049][277]LogWindowsTextInputMethodSystem: Display: IME system now activated using TSF (Microsoft 입력기).
[2019.05.29-04.53.08:319][278]Cmd: QUIT_EDITOR
[2019.05.29-04.53.08:356][278]LogExit: Preparing to exit.
[2019.05.29-04.53.08:607][278]LogExit: Editor shut down
[2019.05.29-04.53.08:607][278]LogExit: Transaction tracking system shut down
[2019.05.29-04.53.08:787][278]LogExit: Object subsystem successfully closed.
[2019.05.29-04.53.08:808][278]LogShaderCompilers: Display: Shaders left to compile 0
[2019.05.29-04.53.08:811][278]LogD3D11RHI: Shutdown
[2019.05.29-04.53.08:811][278]LogD3D11RHI: CleanupD3DDevice
[2019.05.29-04.53.08:811][278]LogRendererCore: FGlobalReadBuffer::ReleaseRHI
[2019.05.29-04.53.08:811][278]LogRendererCore: FGlobalDynamicReadBuffer::Cleanup()
[2019.05.29-04.53.08:812][278]LogRendererCore: FGlobalReadBuffer::ReleaseRHI
[2019.05.29-04.53.08:812][278]LogRendererCore: FGlobalDynamicReadBuffer::Cleanup()
[2019.05.29-04.53.08:812][278]LogRendererCore: FGlobalReadBuffer::ReleaseRHI
[2019.05.29-04.53.08:812][278]LogRendererCore: FGlobalDynamicReadBuffer::Cleanup()
[2019.05.29-04.53.08:877][278]LogD3D11RHI: ~FD3D11DynamicRHI
[2019.05.29-04.53.08:887][278]LogModuleManager: Shutting down and abandoning module HierarchicalLODOutliner (638)
[2019.05.29-04.53.08:887][278]LogModuleManager: Shutting down and abandoning module WorldBrowser (636)
[2019.05.29-04.53.08:887][278]LogModuleManager: Shutting down and abandoning module SceneOutliner (634)
[2019.05.29-04.53.08:887][278]LogModuleManager: Shutting down and abandoning module AddContentDialog (632)
[2019.05.29-04.53.08:888][278]LogModuleManager: Shutting down and abandoning module WidgetCarousel (631)
[2019.05.29-04.53.08:888][278]LogModuleManager: Shutting down and abandoning module EditorWidgets (628)
[2019.05.29-04.53.08:888][278]LogModuleManager: Shutting down and abandoning module CollectionManager (626)
[2019.05.29-04.53.08:888][278]LogModuleManager: Shutting down and abandoning module HierarchicalLODUtilities (624)
[2019.05.29-04.53.08:888][278]LogModuleManager: Shutting down and abandoning module StatsViewer (622)
[2019.05.29-04.53.08:888][278]LogModuleManager: Shutting down and abandoning module FoliageEdit (620)
[2019.05.29-04.53.08:888][278]LogModuleManager: Shutting down and abandoning module LandscapeEditor (618)
[2019.05.29-04.53.08:888][278]LogModuleManager: Shutting down and abandoning module MeshPaintMode (616)
[2019.05.29-04.53.08:888][278]LogModuleManager: Shutting down and abandoning module SceneDepthPickerMode (614)
[2019.05.29-04.53.08:888][278]LogModuleManager: Shutting down and abandoning module ActorPickerMode (612)
[2019.05.29-04.53.08:888][278]LogModuleManager: Shutting down and abandoning module GeometryMode (610)
[2019.05.29-04.53.08:888][278]LogModuleManager: Shutting down and abandoning module TextureAlignMode (608)
[2019.05.29-04.53.08:888][278]LogModuleManager: Shutting down and abandoning module BspMode (606)
[2019.05.29-04.53.08:888][278]LogModuleManager: Shutting down and abandoning module PIEPreviewDeviceProfileSelector (604)
[2019.05.29-04.53.08:888][278]LogModuleManager: Shutting down and abandoning module SequenceRecorderSections (602)
[2019.05.29-04.53.08:888][278]LogModuleManager: Shutting down and abandoning module AutomationWorker (600)
[2019.05.29-04.53.08:888][278]LogModuleManager: Shutting down and abandoning module OculusMR (598)
[2019.05.29-04.53.08:888][278]LogModuleManager: Shutting down and abandoning module AudioCaptureEditor (596)
[2019.05.29-04.53.08:888][278]LogModuleManager: Shutting down and abandoning module MatineeToLevelSequence (594)
[2019.05.29-04.53.08:888][278]LogModuleManager: Shutting down and abandoning module LevelSequenceEditor (592)
[2019.05.29-04.53.08:888][278]LogModuleManager: Shutting down and abandoning module PlacementMode (591)
[2019.05.29-04.53.08:888][278]LogModuleManager: Shutting down and abandoning module MaterialEditor (590)
[2019.05.29-04.53.08:888][278]LogModuleManager: Shutting down and abandoning module ActorSequenceEditor (586)
[2019.05.29-04.53.08:888][278]LogModuleManager: Shutting down and abandoning module WmfMediaFactory (584)
[2019.05.29-04.53.08:888][278]LogModuleManager: Shutting down and abandoning module WmfMediaEditor (582)
[2019.05.29-04.53.08:888][278]LogModuleManager: Shutting down and abandoning module WebMMediaFactory (580)
[2019.05.29-04.53.08:888][278]LogModuleManager: Shutting down and abandoning module WebMMediaEditor (578)
[2019.05.29-04.53.08:888][278]LogModuleManager: Shutting down and abandoning module WebMMedia (576)
[2019.05.29-04.53.08:888][278]LogModuleManager: Shutting down and abandoning module MediaPlayerEditor (574)
[2019.05.29-04.53.08:888][278]LogModuleManager: Shutting down and abandoning module MediaCompositingEditor (572)
[2019.05.29-04.53.08:888][278]LogModuleManager: Shutting down and abandoning module SequenceRecorder (571)
[2019.05.29-04.53.08:888][278]LogModuleManager: Shutting down and abandoning module OpenExrWrapper (568)
[2019.05.29-04.53.08:888][278]LogModuleManager: Shutting down and abandoning module ImgMediaFactory (566)
[2019.05.29-04.53.08:888][278]LogModuleManager: Shutting down and abandoning module ImgMediaEditor (564)
[2019.05.29-04.53.08:888][278]LogModuleManager: Shutting down and abandoning module AvfMediaFactory (562)
[2019.05.29-04.53.08:888][278]LogModuleManager: Shutting down and abandoning module AvfMediaEditor (560)
[2019.05.29-04.53.08:888][278]LogModuleManager: Shutting down and abandoning module AndroidMediaFactory (558)
[2019.05.29-04.53.08:888][278]LogModuleManager: Shutting down and abandoning module AndroidMediaEditor (556)
[2019.05.29-04.53.08:888][278]LogModuleManager: Shutting down and abandoning module MagicLeapCameraPreviewFactory (554)
[2019.05.29-04.53.08:888][278]LogModuleManager: Shutting down and abandoning module MagicLeapMediaCodecFactory (552)
[2019.05.29-04.53.08:888][278]LogModuleManager: Shutting down and abandoning module MagicLeapMediaFactory (550)
[2019.05.29-04.53.08:889][278]LogModuleManager: Shutting down and abandoning module MagicLeapMediaEditor (548)
[2019.05.29-04.53.08:889][278]LogModuleManager: Shutting down and abandoning module CharacterAI (546)
[2019.05.29-04.53.08:889][278]LogModuleManager: Shutting down and abandoning module SmartSnapping (544)
[2019.05.29-04.53.08:889][278]LogModuleManager: Shutting down and abandoning module SessionServices (542)
[2019.05.29-04.53.08:889][278]LogModuleManager: Shutting down and abandoning module MeshPaint (540)
[2019.05.29-04.53.08:889][278]LogModuleManager: Shutting down and abandoning module ViewportSnapping (538)
[2019.05.29-04.53.08:889][278]LogModuleManager: Shutting down and abandoning module ViewportInteraction (536)
[2019.05.29-04.53.08:889][278]LogModuleManager: Shutting down and abandoning module ClothPainter (534)
[2019.05.29-04.53.08:889][278]LogModuleManager: Shutting down and abandoning module SkeletalMeshEditor (533)
[2019.05.29-04.53.08:889][278]LogModuleManager: Shutting down and abandoning module LogVisualizer (530)
[2019.05.29-04.53.08:889][278]LogModuleManager: Shutting down and abandoning module IntroTutorials (528)
[2019.05.29-04.53.08:889][278]LogModuleManager: Shutting down and abandoning module GameProjectGeneration (527)
[2019.05.29-04.53.08:889][278]LogModuleManager: Shutting down and abandoning module LuminPlatformEditor (524)
[2019.05.29-04.53.08:889][278]LogModuleManager: Shutting down and abandoning module IOSPlatformEditor (522)
[2019.05.29-04.53.08:889][278]LogModuleManager: Shutting down and abandoning module HTML5PlatformEditor (520)
[2019.05.29-04.53.08:889][278]LogModuleManager: Shutting down and abandoning module AndroidPlatformEditor (518)
[2019.05.29-04.53.08:889][278]LogModuleManager: Shutting down and abandoning module AndroidDeviceDetection (517)
[2019.05.29-04.53.09:557][278]LogModuleManager: Shutting down and abandoning module WindowsPlatformEditor (514)
[2019.05.29-04.53.09:557][278]LogModuleManager: Shutting down and abandoning module LuminRuntimeSettings (512)
[2019.05.29-04.53.09:557][278]LogModuleManager: Shutting down and abandoning module IOSRuntimeSettings (510)
[2019.05.29-04.53.09:557][278]LogModuleManager: Shutting down and abandoning module AndroidRuntimeSettings (508)
[2019.05.29-04.53.09:557][278]LogModuleManager: Shutting down and abandoning module TimeManagementEditor (506)
[2019.05.29-04.53.09:557][278]LogModuleManager: Shutting down and abandoning module InputBindingEditor (504)
[2019.05.29-04.53.09:557][278]LogModuleManager: Shutting down and abandoning module MergeActors (502)
[2019.05.29-04.53.09:557][278]LogModuleManager: Shutting down and abandoning module LocalizationDashboard (500)
[2019.05.29-04.53.09:557][278]LogModuleManager: Shutting down and abandoning module LocalizationService (499)
[2019.05.29-04.53.09:557][278]LogModuleManager: Shutting down and abandoning module HardwareTargeting (496)
[2019.05.29-04.53.09:557][278]LogModuleManager: Shutting down and abandoning module DeviceProfileEditor (494)
[2019.05.29-04.53.09:557][278]LogModuleManager: Shutting down and abandoning module UndoHistory (492)
[2019.05.29-04.53.09:557][278]LogModuleManager: Shutting down and abandoning module XmlParser (490)
[2019.05.29-04.53.09:557][278]LogModuleManager: Shutting down and abandoning module Blutility (488)
[2019.05.29-04.53.09:557][278]LogModuleManager: Shutting down and abandoning module ProjectSettingsViewer (486)
[2019.05.29-04.53.09:557][278]LogModuleManager: Shutting down and abandoning module ProjectTargetPlatformEditor (485)
[2019.05.29-04.53.09:557][278]LogModuleManager: Shutting down and abandoning module EditorSettingsViewer (482)
[2019.05.29-04.53.09:557][278]LogModuleManager: Shutting down and abandoning module SettingsEditor (480)
[2019.05.29-04.53.09:557][278]LogModuleManager: Shutting down and abandoning module ProjectLauncher (478)
[2019.05.29-04.53.09:557][278]LogModuleManager: Shutting down and abandoning module SessionFrontend (476)
[2019.05.29-04.53.09:557][278]LogModuleManager: Shutting down and abandoning module ProfilerClient (474)
[2019.05.29-04.53.09:557][278]LogModuleManager: Shutting down and abandoning module DeviceManager (472)
[2019.05.29-04.53.09:557][278]LogModuleManager: Shutting down and abandoning module TargetDeviceServices (471)
[2019.05.29-04.53.09:601][278]LogModuleManager: Shutting down and abandoning module AutomationController (468)
[2019.05.29-04.53.09:601][278]LogModuleManager: Shutting down and abandoning module AutomationWindow (466)
[2019.05.29-04.53.09:601][278]LogModuleManager: Shutting down and abandoning module Layers (464)
[2019.05.29-04.53.09:601][278]LogModuleManager: Shutting down and abandoning module ComponentVisualizers (462)
[2019.05.29-04.53.09:601][278]LogModuleManager: Shutting down and abandoning module DetailCustomizations (460)
[2019.05.29-04.53.09:601][278]LogModuleManager: Shutting down and abandoning module PackagesDialog (458)
[2019.05.29-04.53.09:601][278]LogModuleManager: Shutting down and abandoning module AnimationBlueprintEditor (456)
[2019.05.29-04.53.09:601][278]LogModuleManager: Shutting down and abandoning module Persona (454)
[2019.05.29-04.53.09:601][278]LogModuleManager: Shutting down and abandoning module AdvancedPreviewScene (453)
[2019.05.29-04.53.09:601][278]LogModuleManager: Shutting down and abandoning module AnimGraph (451)
[2019.05.29-04.53.09:601][278]LogModuleManager: Shutting down and abandoning module Kismet (448)
[2019.05.29-04.53.09:601][278]LogModuleManager: Shutting down and abandoning module GraphEditor (446)
[2019.05.29-04.53.09:601][278]LogModuleManager: Shutting down and abandoning module ClassViewer (444)
[2019.05.29-04.53.09:601][278]LogModuleManager: Shutting down and abandoning module Toolbox (442)
[2019.05.29-04.53.09:601][278]LogModuleManager: Shutting down and abandoning module DesktopPlatform (441)
[2019.05.29-04.53.09:601][278]LogModuleManager: Shutting down and abandoning module ModuleUI (438)
[2019.05.29-04.53.09:601][278]LogModuleManager: Shutting down and abandoning module MovieSceneTools (436)
[2019.05.29-04.53.09:601][278]LogModuleManager: Shutting down and abandoning module OutputLog (434)
[2019.05.29-04.53.09:601][278]LogModuleManager: Shutting down and abandoning module GammaUI (432)
[2019.05.29-04.53.09:601][278]LogModuleManager: Shutting down and abandoning module Documentation (430)
[2019.05.29-04.53.09:601][278]LogModuleManager: Shutting down and abandoning module LiveCoding (428)
[2019.05.29-04.53.09:601][278]LogModuleManager: Shutting down and abandoning module LevelSequence (426)
[2019.05.29-04.53.09:601][278]LogModuleManager: Shutting down and abandoning module MovieSceneTracks (424)
[2019.05.29-04.53.09:601][278]LogModuleManager: Shutting down and abandoning module MovieScene (422)
[2019.05.29-04.53.09:601][278]LogModuleManager: Shutting down and abandoning module StreamingPauseRendering (420)
[2019.05.29-04.53.09:601][278]LogModuleManager: Shutting down and abandoning module LauncherPlatform (418)
[2019.05.29-04.53.09:601][278]LogModuleManager: Shutting down and abandoning module AnalyticsET (416)
[2019.05.29-04.53.09:601][278]LogModuleManager: Shutting down and abandoning module PortalServices (414)
[2019.05.29-04.53.09:602][278]LogModuleManager: Shutting down and abandoning module PortalRpc (412)
[2019.05.29-04.53.09:602][278]LogModuleManager: Shutting down and abandoning module MessagingRpc (410)
[2019.05.29-04.53.09:602][278]LogModuleManager: Shutting down and abandoning module AIModule (408)
[2019.05.29-04.53.09:602][278]LogModuleManager: Shutting down and abandoning module GameplayDebugger (407)
[2019.05.29-04.53.09:602][278]LogModuleManager: Shutting down and abandoning module AITestSuite (405)
[2019.05.29-04.53.09:602][278]LogModuleManager: Shutting down and abandoning module NavigationSystem (403)
[2019.05.29-04.53.09:602][278]LogModuleManager: Shutting down and abandoning module ImageWriteQueue (400)
[2019.05.29-04.53.09:604][278]LogModuleManager: Shutting down and abandoning module ProfilerService (398)
[2019.05.29-04.53.09:692][278]LogModuleManager: Shutting down and abandoning module TaskGraph (396)
[2019.05.29-04.53.09:692][278]LogModuleManager: Shutting down and abandoning module SteamVRController (394)
[2019.05.29-04.53.09:692][278]LogModuleManager: Shutting down and abandoning module ProceduralMeshComponentEditor (392)
[2019.05.29-04.53.09:692][278]LogModuleManager: Shutting down and abandoning module ProceduralMeshComponent (390)
[2019.05.29-04.53.09:692][278]LogModuleManager: Shutting down and abandoning module OculusEditor (388)
[2019.05.29-04.53.09:692][278]LogModuleManager: Shutting down and abandoning module OculusInput (386)
[2019.05.29-04.53.09:692][278]LogModuleManager: Shutting down and abandoning module MobilePatchingUtils (384)
[2019.05.29-04.53.09:692][278]LogModuleManager: Shutting down and abandoning module EditableMesh (382)
[2019.05.29-04.53.09:692][278]LogModuleManager: Shutting down and abandoning module CustomMeshComponent (380)
[2019.05.29-04.53.09:692][278]LogModuleManager: Shutting down and abandoning module CableComponent (378)
[2019.05.29-04.53.09:692][278]LogModuleManager: Shutting down and abandoning module AudioCapture (376)
[2019.05.29-04.53.09:692][278]LogModuleManager: Shutting down and abandoning module ArchVisCharacter (374)
[2019.05.29-04.53.09:692][278]LogModuleManager: Shutting down and abandoning module AndroidPermission (372)
[2019.05.29-04.53.09:692][278]LogModuleManager: Shutting down and abandoning module NUTUnrealEngine4 (370)
[2019.05.29-04.53.09:692][278]LogModuleManager: Shutting down and abandoning module NetcodeUnitTest (368)
[2019.05.29-04.53.09:693][278]LogModuleManager: Shutting down and abandoning module MediaCompositing (366)
[2019.05.29-04.53.09:693][278]LogModuleManager: Shutting down and abandoning module LinearTimecode (364)
[2019.05.29-04.53.09:693][278]LogModuleManager: Shutting down and abandoning module ImgMedia (362)
[2019.05.29-04.53.09:693][278]LogModuleManager: Shutting down and abandoning module MagicLeapHelperVulkan (360)
[2019.05.29-04.53.09:693][278]LogModuleManager: Shutting down and abandoning module MagicLeapHelperOpenGL (358)
[2019.05.29-04.53.09:693][278]LogModuleManager: Shutting down and abandoning module MagicLeapAudio (356)
[2019.05.29-04.53.09:693][278]LogModuleManager: Shutting down and abandoning module HTML5Networking (354)
[2019.05.29-04.53.09:693][278]LogModuleManager: Shutting down and abandoning module GeometryCacheTracks (352)
[2019.05.29-04.53.09:693][278]LogModuleManager: Shutting down and abandoning module GeometryCacheSequencer (350)
[2019.05.29-04.53.09:693][278]LogModuleManager: Shutting down and abandoning module BackChannel (348)
[2019.05.29-04.53.09:693][278]LogModuleManager: Shutting down and abandoning module AppleVision (346)
[2019.05.29-04.53.09:693][278]LogModuleManager: Shutting down and abandoning module AppleImageUtilsBlueprintSupport (344)
[2019.05.29-04.53.09:693][278]LogModuleManager: Shutting down and abandoning module AppleImageUtils (342)
[2019.05.29-04.53.09:693][278]LogModuleManager: Shutting down and abandoning module AlembicImporter (340)
[2019.05.29-04.53.09:693][278]LogModuleManager: Shutting down and abandoning module AlembicLibrary (339)
[2019.05.29-04.53.09:693][278]LogModuleManager: Shutting down and abandoning module GeometryCache (338)
[2019.05.29-04.53.09:693][278]LogModuleManager: Shutting down and abandoning module GeometryCacheEd (337)
[2019.05.29-04.53.09:693][278]LogModuleManager: Shutting down and abandoning module VariantManagerContent (332)
[2019.05.29-04.53.09:693][278]LogModuleManager: Shutting down and abandoning module DatasmithContentEditor (330)
[2019.05.29-04.53.09:693][278]LogModuleManager: Shutting down and abandoning module SpeedTreeImporter (328)
[2019.05.29-04.53.09:693][278]LogModuleManager: Shutting down and abandoning module PluginBrowser (326)
[2019.05.29-04.53.09:693][278]LogModuleManager: Shutting down and abandoning module MobileLauncherProfileWizard (324)
[2019.05.29-04.53.09:693][278]LogModuleManager: Shutting down and abandoning module MaterialAnalyzer (322)
[2019.05.29-04.53.09:693][278]LogModuleManager: Shutting down and abandoning module CryptoKeysOpenSSL (320)
[2019.05.29-04.53.09:693][278]LogModuleManager: Shutting down and abandoning module CryptoKeys (318)
[2019.05.29-04.53.09:693][278]LogModuleManager: Shutting down and abandoning module VisualStudioSourceCodeAccess (316)
[2019.05.29-04.53.09:693][278]LogModuleManager: Shutting down and abandoning module VisualStudioCodeSourceCodeAccess (314)
[2019.05.29-04.53.09:693][278]LogModuleManager: Shutting down and abandoning module UObjectPlugin (312)
[2019.05.29-04.53.09:693][278]LogModuleManager: Shutting down and abandoning module SubversionSourceControl (310)
[2019.05.29-04.53.09:693][278]LogModuleManager: Shutting down and abandoning module PerforceSourceControl (308)
[2019.05.29-04.53.09:693][278]LogModuleManager: Shutting down and abandoning module GitSourceControl (306)
[2019.05.29-04.53.09:693][278]LogModuleManager: Shutting down and abandoning module SourceControl (305)
[2019.05.29-04.53.09:693][278]LogModuleManager: Shutting down and abandoning module CLionSourceCodeAccess (302)
[2019.05.29-04.53.09:693][278]LogModuleManager: Shutting down and abandoning module AnimationSharingEd (300)
[2019.05.29-04.53.09:693][278]LogModuleManager: Shutting down and abandoning module ActorLayerUtilitiesEditor (298)
[2019.05.29-04.53.09:693][278]LogModuleManager: Shutting down and abandoning module ActorLayerUtilities (296)
[2019.05.29-04.53.09:693][278]LogModuleManager: Shutting down and abandoning module LightPropagationVolumeEditor (294)
[2019.05.29-04.53.09:693][278]LogModuleManager: Shutting down and abandoning module PaperTiledImporter (292)
[2019.05.29-04.53.09:693][278]LogModuleManager: Shutting down and abandoning module PaperSpriteSheetImporter (290)
[2019.05.29-04.53.09:693][278]LogModuleManager: Shutting down and abandoning module Paper2DEditor (288)
[2019.05.29-04.53.09:693][278]LogModuleManager: Shutting down and abandoning module SignificanceManager (286)
[2019.05.29-04.53.09:693][278]LogModuleManager: Shutting down and abandoning module RuntimePhysXCooking (284)
[2019.05.29-04.53.09:693][278]LogModuleManager: Shutting down and abandoning module PhysXVehiclesEditor (282)
[2019.05.29-04.53.09:693][278]LogModuleManager: Shutting down and abandoning module PhysXVehicles (280)
[2019.05.29-04.53.09:693][278]LogModuleManager: Shutting down and abandoning module LocationServicesBPLibrary (278)
[2019.05.29-04.53.09:693][278]LogModuleManager: Shutting down and abandoning module ActorSequence (276)
[2019.05.29-04.53.09:693][278]LogModuleManager: Shutting down and abandoning module UdpMessaging (274)
[2019.05.29-04.53.09:795][278]LogModuleManager: Shutting down and abandoning module TcpMessaging (272)
[2019.05.29-04.53.09:896][278]LogModuleManager: Shutting down and abandoning module MagicLeapIdentity (270)
[2019.05.29-04.53.09:896][278]LogModuleManager: Shutting down and abandoning module MagicLeapSecureStorage (268)
[2019.05.29-04.53.09:896][278]LogModuleManager: Shutting down and abandoning module MagicLeapHandTracking (266)
[2019.05.29-04.53.09:896][278]LogModuleManager: Shutting down and abandoning module MagicLeapEyeTracker (264)
[2019.05.29-04.53.09:896][278]LogModuleManager: Shutting down and abandoning module MagicLeapController (262)
[2019.05.29-04.53.09:896][278]LogSlate: Slate User Destroyed.  User Index 0, Is Virtual User: 0
[2019.05.29-04.53.09:896][278]LogModuleManager: Shutting down and abandoning module MagicLeapAR (260)
[2019.05.29-04.53.09:896][278]LogModuleManager: Shutting down and abandoning module AugmentedReality (259)
[2019.05.29-04.53.09:896][278]LogModuleManager: Shutting down and abandoning module GameplayTagsEditor (256)
[2019.05.29-04.53.09:896][278]LogModuleManager: Shutting down and abandoning module FacialAnimationEditor (254)
[2019.05.29-04.53.09:896][278]LogModuleManager: Shutting down and abandoning module FacialAnimation (252)
[2019.05.29-04.53.09:896][278]LogModuleManager: Shutting down and abandoning module DataValidation (250)
[2019.05.29-04.53.09:896][278]LogModuleManager: Shutting down and abandoning module AssetManagerEditor (248)
[2019.05.29-04.53.09:896][278]LogModuleManager: Shutting down and abandoning module LevelEditor (247)
[2019.05.29-04.53.09:897][278]LogModuleManager: Shutting down and abandoning module PixelInspectorModule (246)
[2019.05.29-04.53.09:897][278]LogModuleManager: Shutting down and abandoning module CommonMenuExtensions (244)
[2019.05.29-04.53.09:897][278]LogModuleManager: Shutting down and abandoning module MainFrame (242)
[2019.05.29-04.53.09:897][278]LogModuleManager: Shutting down and abandoning module HotReload (241)
[2019.05.29-04.53.09:897][278]LogModuleManager: Shutting down and abandoning module ContentBrowser (237)
[2019.05.29-04.53.09:898][278]LogModuleManager: Shutting down and abandoning module TreeMap (235)
[2019.05.29-04.53.09:898][278]LogModuleManager: Shutting down and abandoning module AnimationSharing (232)
[2019.05.29-04.53.09:898][278]LogModuleManager: Shutting down and abandoning module LightPropagationVolumeRuntime (230)
[2019.05.29-04.53.09:898][278]LogModuleManager: Shutting down and abandoning module AISupportModule (228)
[2019.05.29-04.53.09:898][278]LogModuleManager: Shutting down and abandoning module Paper2D (226)
[2019.05.29-04.53.09:898][278]LogModuleManager: Shutting down and abandoning module WindowsMoviePlayer (224)
[2019.05.29-04.53.09:898][278]LogModuleManager: Shutting down and abandoning module WebMMoviePlayer (222)
[2019.05.29-04.53.09:898][278]LogModuleManager: Shutting down and abandoning module PacketHandler (220)
[2019.05.29-04.53.09:898][278]LogModuleManager: Shutting down and abandoning module ClothingSystemEditor (218)
[2019.05.29-04.53.09:898][278]LogModuleManager: Shutting down and abandoning module ClothingSystemRuntime (216)
[2019.05.29-04.53.09:898][278]LogModuleManager: Shutting down and abandoning module MediaAssets (214)
[2019.05.29-04.53.09:898][278]LogModuleManager: Shutting down and abandoning module Overlay (212)
[2019.05.29-04.53.09:898][278]LogModuleManager: Shutting down and abandoning module OverlayEditor (211)
[2019.05.29-04.53.09:898][278]LogModuleManager: Shutting down and abandoning module VREditor (208)
[2019.05.29-04.53.09:898][278]LogModuleManager: Shutting down and abandoning module StringTableEditor (206)
[2019.05.29-04.53.09:898][278]LogModuleManager: Shutting down and abandoning module GameplayTasksEditor (204)
[2019.05.29-04.53.09:898][278]LogModuleManager: Shutting down and abandoning module BehaviorTreeEditor (202)
[2019.05.29-04.53.09:898][278]LogModuleManager: Shutting down and abandoning module FunctionalTesting (200)
[2019.05.29-04.53.09:898][278]LogModuleManager: Shutting down and abandoning module CollisionAnalyzer (198)
[2019.05.29-04.53.09:898][278]LogModuleManager: Shutting down and abandoning module WorkspaceMenuStructure (197)
[2019.05.29-04.53.09:898][278]LogModuleManager: Shutting down and abandoning module UMG (194)
[2019.05.29-04.53.09:898][278]LogModuleManager: Shutting down and abandoning module UMGEditor (193)
[2019.05.29-04.53.09:898][278]LogModuleManager: Shutting down and abandoning module Sequencer (192)
[2019.05.29-04.53.09:898][278]LogModuleManager: Shutting down and abandoning module MessageLog (189)
[2019.05.29-04.53.09:898][278]LogModuleManager: Shutting down and abandoning module SlateReflector (184)
[2019.05.29-04.53.09:898][278]LogModuleManager: Shutting down and abandoning module Slate (182)
[2019.05.29-04.53.09:899][278]LogModuleManager: Shutting down and abandoning module EditorStyle (180)
[2019.05.29-04.53.09:900][278]LogModuleManager: Shutting down and abandoning module UnrealEd (178)
[2019.05.29-04.53.09:900][278]LogModuleManager: Shutting down and abandoning module MRMesh (176)
[2019.05.29-04.53.09:900][278]LogModuleManager: Shutting down and abandoning module SourceCodeAccess (174)
[2019.05.29-04.53.09:900][278]LogModuleManager: Shutting down and abandoning module HeadMountedDisplay (172)
[2019.05.29-04.53.09:900][278]LogModuleManager: Shutting down and abandoning module XAudio2 (170)
[2019.05.29-04.53.09:900][278]LogModuleManager: Shutting down and abandoning module Networking (168)
[2019.05.29-04.53.09:900][278]LogModuleManager: Shutting down and abandoning module Core (166)
[2019.05.29-04.53.09:900][278]LogModuleManager: Shutting down and abandoning module KismetCompiler (164)
[2019.05.29-04.53.09:900][278]LogModuleManager: Shutting down and abandoning module MeshUtilities (162)
[2019.05.29-04.53.09:900][278]LogModuleManager: Shutting down and abandoning module MeshMergeUtilities (161)
[2019.05.29-04.53.09:900][278]LogModuleManager: Shutting down and abandoning module MeshReductionInterface (160)
[2019.05.29-04.53.09:900][278]LogModuleManager: Shutting down and abandoning module SkeletalMeshReduction (159)
[2019.05.29-04.53.09:900][278]LogModuleManager: Shutting down and abandoning module ProxyLODMeshReduction (157)
[2019.05.29-04.53.09:900][278]LogModuleManager: Shutting down and abandoning module QuadricMeshReduction (155)
[2019.05.29-04.53.09:900][278]LogModuleManager: Shutting down and abandoning module MaterialBaking (151)
[2019.05.29-04.53.09:900][278]LogModuleManager: Shutting down and abandoning module DerivedDataCache (146)
[2019.05.29-04.53.10:191][278]LogDerivedDataCache: Shutdown
[2019.05.29-04.53.10:191][278]LogModuleManager: Shutting down and abandoning module XGEController (144)
[2019.05.29-04.53.10:191][278]LogModuleManager: Shutting down and abandoning module TargetPlatform (142)
[2019.05.29-04.53.10:191][278]LogModuleManager: Shutting down and abandoning module VulkanShaderFormat (141)
[2019.05.29-04.53.10:191][278]LogModuleManager: Shutting down and abandoning module ShaderFormatVectorVM (139)
[2019.05.29-04.53.10:191][278]LogModuleManager: Shutting down and abandoning module ShaderFormatOpenGL (137)
[2019.05.29-04.53.10:191][278]LogModuleManager: Shutting down and abandoning module ShaderFormatD3D (135)
[2019.05.29-04.53.10:191][278]LogModuleManager: Shutting down and abandoning module MetalShaderFormat (133)
[2019.05.29-04.53.10:191][278]LogModuleManager: Shutting down and abandoning module TextureFormatUncompressed (131)
[2019.05.29-04.53.10:191][278]LogModuleManager: Shutting down and abandoning module TextureFormatPVR (129)
[2019.05.29-04.53.10:191][278]LogModuleManager: Shutting down and abandoning module TextureFormatDXT (127)
[2019.05.29-04.53.10:191][278]LogModuleManager: Shutting down and abandoning module TextureFormatIntelISPCTexComp (125)
[2019.05.29-04.53.10:191][278]LogModuleManager: Shutting down and abandoning module TextureFormatASTC (123)
[2019.05.29-04.53.10:191][278]LogModuleManager: Shutting down and abandoning module ImageWrapper (122)
[2019.05.29-04.53.10:191][278]LogModuleManager: Shutting down and abandoning module TextureFormatAndroid (119)
[2019.05.29-04.53.10:191][278]LogModuleManager: Shutting down and abandoning module AudioFormatOpus (117)
[2019.05.29-04.53.10:191][278]LogModuleManager: Shutting down and abandoning module AudioFormatOgg (115)
[2019.05.29-04.53.10:191][278]LogModuleManager: Shutting down and abandoning module AudioFormatADPCM (113)
[2019.05.29-04.53.10:191][278]LogModuleManager: Shutting down and abandoning module LuminTargetPlatform (111)
[2019.05.29-04.53.10:192][278]LogModuleManager: Shutting down and abandoning module TVOSTargetPlatform (109)
[2019.05.29-04.53.10:192][278]LogModuleManager: Shutting down and abandoning module Messaging (107)
[2019.05.29-04.53.10:193][278]LogModuleManager: Shutting down and abandoning module IOSTargetPlatform (105)
[2019.05.29-04.53.10:193][278]LogModuleManager: Shutting down and abandoning module HTML5TargetPlatform (103)
[2019.05.29-04.53.10:193][278]LogModuleManager: Shutting down and abandoning module AndroidTargetPlatform (101)
[2019.05.29-04.53.10:199][278]LogModuleManager: Shutting down and abandoning module WindowsTargetPlatform (99)
[2019.05.29-04.53.10:199][278]LogModuleManager: Shutting down and abandoning module WindowsServerTargetPlatform (97)
[2019.05.29-04.53.10:199][278]LogModuleManager: Shutting down and abandoning module WindowsNoEditorTargetPlatform (95)
[2019.05.29-04.53.10:199][278]LogModuleManager: Shutting down and abandoning module WindowsClientTargetPlatform (93)
[2019.05.29-04.53.10:199][278]LogModuleManager: Shutting down and abandoning module MacTargetPlatform (91)
[2019.05.29-04.53.10:199][278]LogModuleManager: Shutting down and abandoning module MacServerTargetPlatform (89)
[2019.05.29-04.53.10:199][278]LogModuleManager: Shutting down and abandoning module MacNoEditorTargetPlatform (87)
[2019.05.29-04.53.10:199][278]LogModuleManager: Shutting down and abandoning module MacClientTargetPlatform (85)
[2019.05.29-04.53.10:199][278]LogModuleManager: Shutting down and abandoning module AllDesktopTargetPlatform (83)
[2019.05.29-04.53.10:199][278]LogModuleManager: Shutting down and abandoning module InputCore (80)
[2019.05.29-04.53.10:199][278]LogModuleManager: Shutting down and abandoning module Settings (78)
[2019.05.29-04.53.10:199][278]LogModuleManager: Shutting down and abandoning module DirectoryWatcher (76)
[2019.05.29-04.53.10:200][278]LogModuleManager: Shutting down and abandoning module PhysXCooking (74)
[2019.05.29-04.53.10:200][278]LogModuleManager: Shutting down and abandoning module SteamVR (72)
[2019.05.29-04.53.10:200][278]LogHMD: Freeing OpenVRDLLHandle.
[2019.05.29-04.53.10:200][278]LogModuleManager: Shutting down and abandoning module OculusHMD (70)
[2019.05.29-04.53.10:200][278]LogModuleManager: Shutting down and abandoning module ExampleDeviceProfileSelector (68)
[2019.05.29-04.53.10:200][278]LogModuleManager: Shutting down and abandoning module LauncherChunkInstaller (66)
[2019.05.29-04.53.10:200][278]LogModuleManager: Shutting down and abandoning module OnlineBlueprintSupport (64)
[2019.05.29-04.53.10:200][278]LogModuleManager: Shutting down and abandoning module OnlineSubsystem (60)
[2019.05.29-04.53.10:200][278]LogModuleManager: Shutting down and abandoning module XMPP (55)
[2019.05.29-04.53.10:200][278]LogModuleManager: Shutting down and abandoning module WebSockets (54)
[2019.05.29-04.53.10:231][278]LogModuleManager: Shutting down and abandoning module HTTP (51)
[2019.05.29-04.53.10:231][278]LogHttp: Display: Http module shutting down, but needs to wait on 1 outstanding Http requests:
[2019.05.29-04.53.10:231][278]LogHttp: Display: 	verb=[POST] url=[https://datarouter.ol.epicgames.com/datarouter/api/v1/public/data?SessionID=%7BE4B01B39-4701-CF0A-28DF-06968255FB2D%7D&AppID=UEEditor.UnrealEngine.Release&AppVersion=4.22.2-0%2B%2B%2BUE4%2BRelease-4.22&UserID=628ca99e48a72d572d11539731be4c60%7C3a818e75d2414715b22eb11f4f01ea64%7C3d10d67b-a896-4ee4-b3a8-c4425a1c1c21&AppEnvironment=datacollector-source&UploadType=eteventstream] status=Processing
[2019.05.29-04.53.10:251][278]LogModuleManager: Shutting down and abandoning module SSL (50)
[2019.05.29-04.53.10:252][278]LogModuleManager: Shutting down and abandoning module WmfMedia (46)
[2019.05.29-04.53.10:253][278]LogModuleManager: Shutting down and abandoning module Media (45)
[2019.05.29-04.53.10:260][278]LogModuleManager: Shutting down and abandoning module MagicLeap (42)
[2019.05.29-04.53.10:260][278]LogModuleManager: Shutting down and abandoning module DatasmithContent (40)
[2019.05.29-04.53.10:261][278]LogModuleManager: Shutting down and abandoning module AnimationModifiers (38)
[2019.05.29-04.53.10:261][278]LogModuleManager: Shutting down and abandoning module PropertyEditor (37)
[2019.05.29-04.53.10:261][278]LogModuleManager: Shutting down and abandoning module AudioEditor (34)
[2019.05.29-04.53.10:261][278]LogModuleManager: Shutting down and abandoning module TextureCompressor (32)
[2019.05.29-04.53.10:261][278]LogModuleManager: Shutting down and abandoning module RenderCore (30)
[2019.05.29-04.53.10:261][278]LogModuleManager: Shutting down and abandoning module Landscape (28)
[2019.05.29-04.53.10:261][278]LogModuleManager: Shutting down and abandoning module SlateRHIRenderer (26)
[2019.05.29-04.53.10:262][278]LogModuleManager: Shutting down and abandoning module OpenGLDrv (24)
[2019.05.29-04.53.10:262][278]LogModuleManager: Shutting down and abandoning module D3D11RHI (22)
[2019.05.29-04.53.10:262][278]LogModuleManager: Shutting down and abandoning module AnimGraphRuntime (20)
[2019.05.29-04.53.10:262][278]LogModuleManager: Shutting down and abandoning module Renderer (18)
[2019.05.29-04.53.10:262][278]LogModuleManager: Shutting down and abandoning module Engine (16)
[2019.05.29-04.53.10:262][278]LogModuleManager: Shutting down and abandoning module CoreUObject (14)
[2019.05.29-04.53.10:262][278]LogModuleManager: Shutting down and abandoning module NetworkFile (12)
[2019.05.29-04.53.10:262][278]LogModuleManager: Shutting down and abandoning module CookedIterativeFile (10)
[2019.05.29-04.53.10:262][278]LogModuleManager: Shutting down and abandoning module StreamingFile (8)
[2019.05.29-04.53.10:262][278]LogModuleManager: Shutting down and abandoning module SandboxFile (6)
[2019.05.29-04.53.10:262][278]LogModuleManager: Shutting down and abandoning module PakFile (4)
[2019.05.29-04.53.10:262][278]LogModuleManager: Shutting down and abandoning module RSA (3)
[2019.05.29-04.53.10:272][278]LogExit: Exiting.
[2019.05.29-04.53.10:288][278]Log file closed, 05/29/19 13:53:10
