Log file open, 06/11/19 01:35:44
LogWindows: Failed to load 'aqProf.dll' (GetLastError=126)
LogWindows: File 'aqProf.dll' does not exist
LogWindows: Failed to load 'VtuneApi.dll' (GetLastError=126)
LogWindows: File 'VtuneApi.dll' does not exist
LogWindows: Failed to load 'VtuneApi32e.dll' (GetLastError=126)
LogWindows: File 'VtuneApi32e.dll' does not exist
LogConsoleResponse: Display: Failed to find resolution value strings in scalability ini. Falling back to default.
LogInit: Display: Running engine for game: ES3LandscapeCrash
LogPakFile: Registered encryption key '00000000000000000000000000000000': 0 pak files mounted, 0 remain pending
LogPlatformFile: Not using cached read wrapper
LogTaskGraph: Started task graph with 5 named threads and 47 total threads with 3 sets of task threads.
LogStats: Stats thread started at 1.933142
LogD3D11RHI: Loaded GFSDK_Aftermath_Lib.x64.dll
LogICUInternationalization: ICU TimeZone Detection - Raw Offset: +9:00, Platform Override: ''
LogConfig: Warning: Failed to saved backup for config[../../../../../PROJECT/Ue4MobileLandScape/Intermediate/Config/CoalescedSourceConfigs/Editor.ini]
LogConfig: Warning: Failed to saved backup for config[../../../../../PROJECT/Ue4MobileLandScape/Intermediate/Config/CoalescedSourceConfigs/EditorPerProjectUserSettings.ini]
LogConfig: Warning: Failed to saved backup for config[../../../../../PROJECT/Ue4MobileLandScape/Intermediate/Config/CoalescedSourceConfigs/Compat.ini]
LogConfig: Warning: Failed to saved backup for config[../../../../../PROJECT/Ue4MobileLandScape/Intermediate/Config/CoalescedSourceConfigs/Lightmass.ini]
LogConfig: Warning: Failed to saved backup for config[../../../../../PROJECT/Ue4MobileLandScape/Intermediate/Config/CoalescedSourceConfigs/Scalability.ini]
LogConfig: Warning: Failed to saved backup for config[../../../../../PROJECT/Ue4MobileLandScape/Intermediate/Config/CoalescedSourceConfigs/GameUserSettings.ini]
LogPluginManager: Mounting plugin Paper2D
LogPluginManager: Mounting plugin AISupport
LogPluginManager: Mounting plugin LightPropagationVolume
LogPluginManager: Mounting plugin ActorLayerUtilities
LogPluginManager: Mounting plugin AnimationSharing
LogPluginManager: Mounting plugin CLionSourceCodeAccess
LogPluginManager: Mounting plugin CodeLiteSourceCodeAccess
LogPluginManager: Mounting plugin GitSourceControl
LogPluginManager: Mounting plugin KDevelopSourceCodeAccess
LogPluginManager: Mounting plugin NullSourceCodeAccess
LogPluginManager: Mounting plugin PerforceSourceControl
LogPluginManager: Mounting plugin SubversionSourceControl
LogPluginManager: Mounting plugin UObjectPlugin
LogPluginManager: Mounting plugin VisualStudioCodeSourceCodeAccess
LogPluginManager: Mounting plugin VisualStudioSourceCodeAccess
LogPluginManager: Mounting plugin XCodeSourceCodeAccess
LogPluginManager: Mounting plugin AssetManagerEditor
LogPluginManager: Mounting plugin CryptoKeys
LogPluginManager: Mounting plugin DataValidation
LogPluginManager: Mounting plugin FacialAnimation
LogPluginManager: Mounting plugin GameplayTagsEditor
LogPluginManager: Mounting plugin MacGraphicsSwitching
LogPluginManager: Mounting plugin MaterialAnalyzer
LogPluginManager: Mounting plugin MobileLauncherProfileWizard
LogPluginManager: Mounting plugin PluginBrowser
LogPluginManager: Mounting plugin SpeedTreeImporter
LogPluginManager: Mounting plugin DatasmithContent
LogPluginManager: Mounting plugin VariantManagerContent
LogPluginManager: Mounting plugin AlembicImporter
LogPluginManager: Mounting plugin AppleImageUtils
LogPluginManager: Mounting plugin AppleVision
LogPluginManager: Mounting plugin BackChannel
LogPluginManager: Mounting plugin CharacterAI
LogPluginManager: Mounting plugin GeometryCache
LogPluginManager: Mounting plugin HTML5Networking
LogPluginManager: Mounting plugin ProxyLODPlugin
LogPluginManager: Mounting plugin SkeletalReduction
LogPluginManager: Mounting plugin MagicLeap
LogConfig: Warning: Failed to saved backup for config[../../../../../PROJECT/Ue4MobileLandScape/Intermediate/Config/CoalescedSourceConfigs/MagicLeap.ini]
LogPluginManager: Mounting plugin MagicLeapMedia
LogPluginManager: Mounting plugin AndroidMedia
LogPluginManager: Mounting plugin AvfMedia
LogPluginManager: Mounting plugin ImgMedia
LogPluginManager: Mounting plugin LinearTimecode
LogPluginManager: Mounting plugin MediaCompositing
LogPluginManager: Mounting plugin MediaPlayerEditor
LogPluginManager: Mounting plugin WebMMedia
LogPluginManager: Mounting plugin WmfMedia
LogPluginManager: Mounting plugin TcpMessaging
LogPluginManager: Mounting plugin UdpMessaging
LogPluginManager: Mounting plugin ActorSequence
LogPluginManager: Mounting plugin LevelSequenceEditor
LogPluginManager: Mounting plugin MatineeToLevelSequence
LogPluginManager: Mounting plugin NetcodeUnitTest
LogPluginManager: Mounting plugin NUTUnrealEngine4
LogPluginManager: Mounting plugin OnlineSubsystemGooglePlay
LogPluginManager: Mounting plugin OnlineSubsystemIOS
LogPluginManager: Mounting plugin OnlineSubsystem
LogPluginManager: Mounting plugin OnlineSubsystemNull
LogPluginManager: Mounting plugin OnlineSubsystemUtils
LogPluginManager: Mounting plugin LauncherChunkInstaller
LogPluginManager: Mounting plugin AndroidDeviceProfileSelector
LogPluginManager: Mounting plugin AndroidMoviePlayer
LogPluginManager: Mounting plugin AndroidPermission
LogPluginManager: Mounting plugin AppleMoviePlayer
LogPluginManager: Mounting plugin ArchVisCharacter
LogPluginManager: Mounting plugin AudioCapture
LogPluginManager: Mounting plugin CableComponent
LogPluginManager: Mounting plugin CustomMeshComponent
LogPluginManager: Mounting plugin EditableMesh
LogPluginManager: Mounting plugin ExampleDeviceProfileSelector
LogPluginManager: Mounting plugin Firebase
LogPluginManager: Mounting plugin GoogleCloudMessaging
LogPluginManager: Mounting plugin IOSDeviceProfileSelector
LogPluginManager: Mounting plugin LinuxDeviceProfileSelector
LogPluginManager: Mounting plugin LocationServicesBPLibrary
LogPluginManager: Mounting plugin MobilePatchingUtils
LogPluginManager: Mounting plugin OculusVR
LogPluginManager: Mounting plugin PhysXVehicles
LogConfig: Warning: Failed to saved backup for config[../../../../../PROJECT/Ue4MobileLandScape/Intermediate/Config/CoalescedSourceConfigs/PhysXVehicles.ini]
LogPluginManager: Mounting plugin ProceduralMeshComponent
LogPluginManager: Mounting plugin RuntimePhysXCooking
LogPluginManager: Mounting plugin SignificanceManager
LogPluginManager: Mounting plugin WebMMoviePlayer
LogPluginManager: Mounting plugin WindowsMoviePlayer
LogInit: Using libcurl 7.55.1-DEV
LogInit:  - built for x86_64-pc-win32
LogInit:  - supports SSL with OpenSSL/1.1.1
LogInit:  - supports HTTP deflate (compression) using libz 1.2.8
LogInit:  - other features:
LogInit:      CURL_VERSION_SSL
LogInit:      CURL_VERSION_LIBZ
LogInit:      CURL_VERSION_IPV6
LogInit:      CURL_VERSION_ASYNCHDNS
LogInit:      CURL_VERSION_LARGEFILE
LogInit:      CURL_VERSION_IDN
LogInit:  CurlRequestOptions (configurable via config and command line):
LogInit:  - bVerifyPeer = true  - Libcurl will verify peer certificate
LogInit:  - bUseHttpProxy = false  - Libcurl will NOT use HTTP proxy
LogInit:  - bDontReuseConnections = false  - Libcurl will reuse connections
LogInit:  - MaxHostConnections = 16  - Libcurl will limit the number of connections to a host
LogInit:  - LocalHostAddr = Default
LogInit:  - BufferSize = 65536
LogInit: WinSock: version 1.1 (2.2), MaxSocks=32767, MaxUdp=65467
LogInit: Build: ++UE4+Release-4.22-CL-0
LogInit: Engine Version: 4.22.2-0+++UE4+Release-4.22
LogInit: Compatible Engine Version: 4.22.0-0+++UE4+Release-4.22
LogInit: Net CL: 0
LogInit: OS: Windows 10 (Release 1809) (), CPU: AMD Ryzen 7 1700X Eight-Core Processor         , GPU: NVIDIA GeForce GTX 1070
LogInit: Compiled (64-bit): Jun  9 2019 22:29:48
LogInit: Compiled with Visual C++: 19.16.27030.01
LogInit: Build Configuration: Development
LogInit: Branch Name: ++UE4+Release-4.22
LogInit: Command Line: 
LogInit: Base Directory: E:/UnrealEngine/UnrealEngine/Engine/Binaries/Win64/
LogInit: Installed Engine Build: 0
LogDevObjectVersion: Number of dev versions registered: 23
LogDevObjectVersion:   Dev-Blueprints (B0D832E4-1F89-4F0D-ACCF-7EB736FD4AA2): 10
LogDevObjectVersion:   Dev-Build (E1C64328-A22C-4D53-A36C-8E866417BD8C): 0
LogDevObjectVersion:   Dev-Core (375EC13C-06E4-48FB-B500-84F0262A717E): 3
LogDevObjectVersion:   Dev-Editor (E4B068ED-F494-42E9-A231-DA0B2E46BB41): 30
LogDevObjectVersion:   Dev-Framework (CFFC743F-43B0-4480-9391-14DF171D2073): 35
LogDevObjectVersion:   Dev-Mobile (B02B49B5-BB20-44E9-A304-32B752E40360): 2
LogDevObjectVersion:   Dev-Networking (A4E4105C-59A1-49B5-A7C5-40C4547EDFEE): 0
LogDevObjectVersion:   Dev-Online (39C831C9-5AE6-47DC-9A44-9C173E1C8E7C): 0
LogDevObjectVersion:   Dev-Physics (78F01B33-EBEA-4F98-B9B4-84EACCB95AA2): 0
LogDevObjectVersion:   Dev-Platform (6631380F-2D4D-43E0-8009-CF276956A95A): 0
LogDevObjectVersion:   Dev-Rendering (12F88B9F-8875-4AFC-A67C-D90C383ABD29): 28
LogDevObjectVersion:   Dev-Sequencer (7B5AE74C-D270-4C10-A958-57980B212A5A): 11
LogDevObjectVersion:   Dev-VR (D7296918-1DD6-4BDD-9DE2-64A83CC13884): 2
LogDevObjectVersion:   Dev-LoadTimes (C2A15278-BFE7-4AFE-6C17-90FF531DF755): 1
LogDevObjectVersion:   Private-Geometry (6EACA3D4-40EC-4CC1-B786-8BED09428FC5): 3
LogDevObjectVersion:   Dev-AnimPhys (29E575DD-E0A3-4627-9D10-D276232CDCEA): 17
LogDevObjectVersion:   Dev-Anim (AF43A65D-7FD3-4947-9873-3E8ED9C1BB05): 2
LogDevObjectVersion:   Dev-ReflectionCapture (6B266CEC-1EC7-4B8F-A30B-E4D90942FC07): 1
LogDevObjectVersion:   Dev-Automation (0DF73D61-A23F-47EA-B727-89E90C41499A): 1
LogDevObjectVersion:   FortniteMain (601D1886-AC64-4F84-AA16-D3DE0DEAC7D6): 25
LogDevObjectVersion:   Dev-Enterprise (9DFFBCD6-494F-0158-E221-12823C92A888): 6
LogDevObjectVersion:   Dev-Niagara (F2AED0AC-9AFE-416F-8664-AA7FFA26D6FC): 1
LogDevObjectVersion:   Dev-Destruction (174F1F0B-B4C6-45A5-B13F-2EE8D0FB917D): 2
LogInit: Presizing for max 16777216 objects, including 0 objects not considered by GC, pre-allocating 0 bytes for permanent pool.
LogInit: Object subsystem initialized
LogConfig: Setting CVar [[con.DebugEarlyDefault:1]]
LogConfig: Setting CVar [[r.setres:1280x720]]
[2019.06.10-16.35.48:011][  0]LogConfig: Setting CVar [[r.VSync:0]]
[2019.06.10-16.35.48:011][  0]LogConfig: Setting CVar [[r.RHICmdBypass:0]]
[2019.06.10-16.35.48:011][  0]LogConfig: Applying CVar settings from Section [/Script/Engine.RendererSettings] File [E:/PROJECT/Ue4MobileLandScape/Saved/Config/Windows/Engine.ini]
[2019.06.10-16.35.48:011][  0]LogConfig: Setting CVar [[r.GPUCrashDebugging:0]]
[2019.06.10-16.35.48:011][  0]LogConfig: Setting CVar [[r.DefaultFeature.AutoExposure.ExtendDefaultLuminanceRange:1]]
[2019.06.10-16.35.48:011][  0]LogConfig: Applying CVar settings from Section [/Script/Engine.RendererOverrideSettings] File [E:/PROJECT/Ue4MobileLandScape/Saved/Config/Windows/Engine.ini]
[2019.06.10-16.35.48:011][  0]LogConfig: Applying CVar settings from Section [/Script/Engine.StreamingSettings] File [E:/PROJECT/Ue4MobileLandScape/Saved/Config/Windows/Engine.ini]
[2019.06.10-16.35.48:011][  0]LogConfig: Setting CVar [[s.MinBulkDataSizeForAsyncLoading:131072]]
[2019.06.10-16.35.48:011][  0]LogConfig: Setting CVar [[s.AsyncLoadingThreadEnabled:0]]
[2019.06.10-16.35.48:011][  0]LogConfig: Setting CVar [[s.EventDrivenLoaderEnabled:1]]
[2019.06.10-16.35.48:011][  0]LogConfig: Setting CVar [[s.WarnIfTimeLimitExceeded:0]]
[2019.06.10-16.35.48:011][  0]LogConfig: Setting CVar [[s.TimeLimitExceededMultiplier:1.5]]
[2019.06.10-16.35.48:011][  0]LogConfig: Setting CVar [[s.TimeLimitExceededMinTime:0.005]]
[2019.06.10-16.35.48:012][  0]LogConfig: Setting CVar [[s.UseBackgroundLevelStreaming:1]]
[2019.06.10-16.35.48:012][  0]LogConfig: Setting CVar [[s.PriorityAsyncLoadingExtraTime:15.0]]
[2019.06.10-16.35.48:012][  0]LogConfig: Setting CVar [[s.LevelStreamingActorsUpdateTimeLimit:5.0]]
[2019.06.10-16.35.48:012][  0]LogConfig: Setting CVar [[s.PriorityLevelStreamingActorsUpdateExtraTime:5.0]]
[2019.06.10-16.35.48:012][  0]LogConfig: Setting CVar [[s.LevelStreamingComponentsRegistrationGranularity:10]]
[2019.06.10-16.35.48:012][  0]LogConfig: Setting CVar [[s.UnregisterComponentsTimeLimit:1.0]]
[2019.06.10-16.35.48:012][  0]LogConfig: Setting CVar [[s.LevelStreamingComponentsUnregistrationGranularity:5]]
[2019.06.10-16.35.48:012][  0]LogConfig: Applying CVar settings from Section [/Script/Engine.GarbageCollectionSettings] File [E:/PROJECT/Ue4MobileLandScape/Saved/Config/Windows/Engine.ini]
[2019.06.10-16.35.48:012][  0]LogConfig: Setting CVar [[gc.MaxObjectsNotConsideredByGC:1]]
[2019.06.10-16.35.48:012][  0]LogConfig: Setting CVar [[gc.SizeOfPermanentObjectPool:0]]
[2019.06.10-16.35.48:012][  0]LogConfig: Setting CVar [[gc.FlushStreamingOnGC:0]]
[2019.06.10-16.35.48:012][  0]LogConfig: Setting CVar [[gc.NumRetriesBeforeForcingGC:10]]
[2019.06.10-16.35.48:012][  0]LogConfig: Setting CVar [[gc.AllowParallelGC:1]]
[2019.06.10-16.35.48:012][  0]LogConfig: Setting CVar [[gc.TimeBetweenPurgingPendingKillObjects:61.1]]
[2019.06.10-16.35.48:012][  0]LogConfig: Setting CVar [[gc.MaxObjectsInEditor:16777216]]
[2019.06.10-16.35.48:012][  0]LogConfig: Setting CVar [[gc.IncrementalBeginDestroyEnabled:1]]
[2019.06.10-16.35.48:012][  0]LogConfig: Setting CVar [[gc.CreateGCClusters:1]]
[2019.06.10-16.35.48:012][  0]LogConfig: Setting CVar [[gc.MinGCClusterSize:5]]
[2019.06.10-16.35.48:012][  0]LogConfig: Setting CVar [[gc.ActorClusteringEnabled:0]]
[2019.06.10-16.35.48:012][  0]LogConfig: Setting CVar [[gc.BlueprintClusteringEnabled:0]]
[2019.06.10-16.35.48:012][  0]LogConfig: Setting CVar [[gc.UseDisregardForGCOnDedicatedServers:0]]
[2019.06.10-16.35.48:012][  0]LogConfig: Applying CVar settings from Section [/Script/Engine.NetworkSettings] File [E:/PROJECT/Ue4MobileLandScape/Saved/Config/Windows/Engine.ini]
[2019.06.10-16.35.48:012][  0]LogConfig: Applying CVar settings from Section [/Script/UnrealEd.CookerSettings] File [E:/PROJECT/Ue4MobileLandScape/Saved/Config/Windows/Engine.ini]
[2019.06.10-16.35.48:044][  0]LogConfig: Applying CVar settings from Section [ViewDistanceQuality@3] File [E:/PROJECT/Ue4MobileLandScape/Saved/Config/Windows/Scalability.ini]
[2019.06.10-16.35.48:044][  0]LogConfig: Setting CVar [[r.SkeletalMeshLODBias:0]]
[2019.06.10-16.35.48:044][  0]LogConfig: Setting CVar [[r.ViewDistanceScale:1.0]]
[2019.06.10-16.35.48:044][  0]LogConfig: Applying CVar settings from Section [AntiAliasingQuality@3] File [E:/PROJECT/Ue4MobileLandScape/Saved/Config/Windows/Scalability.ini]
[2019.06.10-16.35.48:044][  0]LogConfig: Setting CVar [[r.PostProcessAAQuality:4]]
[2019.06.10-16.35.48:044][  0]LogConfig: Applying CVar settings from Section [ShadowQuality@3] File [E:/PROJECT/Ue4MobileLandScape/Saved/Config/Windows/Scalability.ini]
[2019.06.10-16.35.48:044][  0]LogConfig: Setting CVar [[r.LightFunctionQuality:1]]
[2019.06.10-16.35.48:044][  0]LogConfig: Setting CVar [[r.ShadowQuality:5]]
[2019.06.10-16.35.48:044][  0]LogConfig: Setting CVar [[r.Shadow.CSM.MaxCascades:10]]
[2019.06.10-16.35.48:044][  0]LogConfig: Setting CVar [[r.Shadow.MaxResolution:2048]]
[2019.06.10-16.35.48:044][  0]LogConfig: Setting CVar [[r.Shadow.MaxCSMResolution:2048]]
[2019.06.10-16.35.48:044][  0]LogConfig: Setting CVar [[r.Shadow.RadiusThreshold:0.01]]
[2019.06.10-16.35.48:044][  0]LogConfig: Setting CVar [[r.Shadow.DistanceScale:1.0]]
[2019.06.10-16.35.48:044][  0]LogConfig: Setting CVar [[r.Shadow.CSM.TransitionScale:1.0]]
[2019.06.10-16.35.48:044][  0]LogConfig: Setting CVar [[r.Shadow.PreShadowResolutionFactor:1.0]]
[2019.06.10-16.35.48:044][  0]LogConfig: Setting CVar [[r.DistanceFieldShadowing:1]]
[2019.06.10-16.35.48:044][  0]LogConfig: Setting CVar [[r.DistanceFieldAO:1]]
[2019.06.10-16.35.48:044][  0]LogConfig: Setting CVar [[r.AOQuality:2]]
[2019.06.10-16.35.48:044][  0]LogConfig: Setting CVar [[r.VolumetricFog:1]]
[2019.06.10-16.35.48:044][  0]LogConfig: Setting CVar [[r.VolumetricFog.GridPixelSize:8]]
[2019.06.10-16.35.48:044][  0]LogConfig: Setting CVar [[r.VolumetricFog.GridSizeZ:128]]
[2019.06.10-16.35.48:044][  0]LogConfig: Setting CVar [[r.VolumetricFog.HistoryMissSupersampleCount:4]]
[2019.06.10-16.35.48:044][  0]LogConfig: Setting CVar [[r.LightMaxDrawDistanceScale:1]]
[2019.06.10-16.35.48:044][  0]LogConfig: Setting CVar [[r.CapsuleShadows:1]]
[2019.06.10-16.35.48:045][  0]LogConfig: Applying CVar settings from Section [PostProcessQuality@3] File [E:/PROJECT/Ue4MobileLandScape/Saved/Config/Windows/Scalability.ini]
[2019.06.10-16.35.48:045][  0]LogConfig: Setting CVar [[r.MotionBlurQuality:4]]
[2019.06.10-16.35.48:045][  0]LogConfig: Setting CVar [[r.AmbientOcclusionMipLevelFactor:0.4]]
[2019.06.10-16.35.48:045][  0]LogConfig: Setting CVar [[r.AmbientOcclusionMaxQuality:100]]
[2019.06.10-16.35.48:045][  0]LogConfig: Setting CVar [[r.AmbientOcclusionLevels:-1]]
[2019.06.10-16.35.48:045][  0]LogConfig: Setting CVar [[r.AmbientOcclusionRadiusScale:1.0]]
[2019.06.10-16.35.48:045][  0]LogConfig: Setting CVar [[r.DepthOfFieldQuality:2]]
[2019.06.10-16.35.48:045][  0]LogConfig: Setting CVar [[r.RenderTargetPoolMin:400]]
[2019.06.10-16.35.48:045][  0]LogConfig: Setting CVar [[r.LensFlareQuality:2]]
[2019.06.10-16.35.48:045][  0]LogConfig: Setting CVar [[r.SceneColorFringeQuality:1]]
[2019.06.10-16.35.48:045][  0]LogConfig: Setting CVar [[r.EyeAdaptationQuality:2]]
[2019.06.10-16.35.48:045][  0]LogConfig: Setting CVar [[r.BloomQuality:5]]
[2019.06.10-16.35.48:045][  0]LogConfig: Setting CVar [[r.FastBlurThreshold:100]]
[2019.06.10-16.35.48:045][  0]LogConfig: Setting CVar [[r.Upscale.Quality:3]]
[2019.06.10-16.35.48:045][  0]LogConfig: Setting CVar [[r.Tonemapper.GrainQuantization:1]]
[2019.06.10-16.35.48:045][  0]LogConfig: Setting CVar [[r.LightShaftQuality:1]]
[2019.06.10-16.35.48:045][  0]LogConfig: Setting CVar [[r.Filter.SizeScale:1]]
[2019.06.10-16.35.48:045][  0]LogConfig: Setting CVar [[r.Tonemapper.Quality:5]]
[2019.06.10-16.35.48:045][  0]LogConfig: Setting CVar [[r.DOF.Gather.AccumulatorQuality:1        ; higher gathering accumulator quality]]
[2019.06.10-16.35.48:045][  0]LogConfig: Setting CVar [[r.DOF.Gather.PostfilterMethod:1          ; Median3x3 postfilering method]]
[2019.06.10-16.35.48:045][  0]LogConfig: Setting CVar [[r.DOF.Gather.EnableBokehSettings:0       ; no bokeh simulation when gathering]]
[2019.06.10-16.35.48:045][  0]LogConfig: Setting CVar [[r.DOF.Gather.RingCount:4                 ; medium number of samples when gathering]]
[2019.06.10-16.35.48:045][  0]LogConfig: Setting CVar [[r.DOF.Scatter.ForegroundCompositing:1    ; additive foreground scattering]]
[2019.06.10-16.35.48:045][  0]LogConfig: Setting CVar [[r.DOF.Scatter.BackgroundCompositing:2    ; additive background scattering]]
[2019.06.10-16.35.48:045][  0]LogConfig: Setting CVar [[r.DOF.Scatter.EnableBokehSettings:1      ; bokeh simulation when scattering]]
[2019.06.10-16.35.48:045][  0]LogConfig: Setting CVar [[r.DOF.Scatter.MaxSpriteRatio:0.1         ; only a maximum of 10% of scattered bokeh]]
[2019.06.10-16.35.48:045][  0]LogConfig: Setting CVar [[r.DOF.Recombine.Quality:1                ; cheap slight out of focus]]
[2019.06.10-16.35.48:045][  0]LogConfig: Setting CVar [[r.DOF.Recombine.EnableBokehSettings:0    ; no bokeh simulation on slight out of focus]]
[2019.06.10-16.35.48:045][  0]LogConfig: Setting CVar [[r.DOF.TemporalAAQuality:1                ; more stable temporal accumulation]]
[2019.06.10-16.35.48:045][  0]LogConfig: Setting CVar [[r.DOF.Kernel.MaxForegroundRadius:0.025]]
[2019.06.10-16.35.48:045][  0]LogConfig: Setting CVar [[r.DOF.Kernel.MaxBackgroundRadius:0.025]]
[2019.06.10-16.35.48:045][  0]LogConfig: Applying CVar settings from Section [TextureQuality@3] File [E:/PROJECT/Ue4MobileLandScape/Saved/Config/Windows/Scalability.ini]
[2019.06.10-16.35.48:045][  0]LogConfig: Setting CVar [[r.Streaming.MipBias:0]]
[2019.06.10-16.35.48:045][  0]LogConfig: Setting CVar [[r.Streaming.AmortizeCPUToGPUCopy:0]]
[2019.06.10-16.35.48:045][  0]LogConfig: Setting CVar [[r.Streaming.MaxNumTexturesToStreamPerFrame:0]]
[2019.06.10-16.35.48:045][  0]LogConfig: Setting CVar [[r.Streaming.Boost:1]]
[2019.06.10-16.35.48:045][  0]LogConfig: Setting CVar [[r.MaxAnisotropy:8]]
[2019.06.10-16.35.48:045][  0]LogConfig: Setting CVar [[r.Streaming.LimitPoolSizeToVRAM:0]]
[2019.06.10-16.35.48:045][  0]LogConfig: Setting CVar [[r.Streaming.PoolSize:1000]]
[2019.06.10-16.35.48:045][  0]LogConfig: Setting CVar [[r.Streaming.MaxEffectiveScreenSize:0]]
[2019.06.10-16.35.48:045][  0]LogConfig: Applying CVar settings from Section [EffectsQuality@3] File [E:/PROJECT/Ue4MobileLandScape/Saved/Config/Windows/Scalability.ini]
[2019.06.10-16.35.48:045][  0]LogConfig: Setting CVar [[r.TranslucencyLightingVolumeDim:64]]
[2019.06.10-16.35.48:045][  0]LogConfig: Setting CVar [[r.RefractionQuality:2]]
[2019.06.10-16.35.48:045][  0]LogConfig: Setting CVar [[r.SSR.Quality:3]]
[2019.06.10-16.35.48:045][  0]LogConfig: Setting CVar [[r.SceneColorFormat:4]]
[2019.06.10-16.35.48:045][  0]LogConfig: Setting CVar [[r.DetailMode:2]]
[2019.06.10-16.35.48:045][  0]LogConfig: Setting CVar [[r.TranslucencyVolumeBlur:1]]
[2019.06.10-16.35.48:045][  0]LogConfig: Setting CVar [[r.MaterialQualityLevel:1 ; High quality]]
[2019.06.10-16.35.48:045][  0]LogConfig: Setting CVar [[r.SSS.Scale:1]]
[2019.06.10-16.35.48:045][  0]LogConfig: Setting CVar [[r.SSS.SampleSet:2]]
[2019.06.10-16.35.48:045][  0]LogConfig: Setting CVar [[r.SSS.Quality:1]]
[2019.06.10-16.35.48:045][  0]LogConfig: Setting CVar [[r.SSS.HalfRes:1]]
[2019.06.10-16.35.48:045][  0]LogConfig: Setting CVar [[r.EmitterSpawnRateScale:1.0]]
[2019.06.10-16.35.48:045][  0]LogConfig: Setting CVar [[r.ParticleLightQuality:2]]
[2019.06.10-16.35.48:045][  0]LogConfig: Applying CVar settings from Section [FoliageQuality@3] File [E:/PROJECT/Ue4MobileLandScape/Saved/Config/Windows/Scalability.ini]
[2019.06.10-16.35.48:045][  0]LogConfig: Setting CVar [[foliage.DensityScale:1.0]]
[2019.06.10-16.35.48:045][  0]LogConfig: Setting CVar [[grass.DensityScale:1.0]]
[2019.06.10-16.35.48:048][  0]LogInit: Selected Device Profile: [Windows]
[2019.06.10-16.35.48:048][  0]LogInit: Applying CVar settings loaded from the selected device profile: [Windows]
[2019.06.10-16.35.48:075][  0]LogHAL: Display: Platform has ~ 16 GB [17109843968 / 17179869184 / 16], which maps to Larger [LargestMinGB=32, LargerMinGB=12, DefaultMinGB=8, SmallerMinGB=6, SmallestMinGB=0)
[2019.06.10-16.35.48:075][  0]LogConfig: Setting CVar [[r.Vulkan.UseRealUBs:0		; Required until we fix HLR fall-out]]
[2019.06.10-16.35.48:075][  0]LogInit: Going up to parent DeviceProfile []
[2019.06.10-16.35.48:077][  0]LogConfig: Applying CVar settings from Section [ViewDistanceQuality@3] File [E:/PROJECT/Ue4MobileLandScape/Saved/Config/Windows/Scalability.ini]
[2019.06.10-16.35.48:077][  0]LogConfig: Setting CVar [[r.SkeletalMeshLODBias:0]]
[2019.06.10-16.35.48:077][  0]LogConfig: Setting CVar [[r.ViewDistanceScale:1.0]]
[2019.06.10-16.35.48:077][  0]LogConfig: Applying CVar settings from Section [AntiAliasingQuality@3] File [E:/PROJECT/Ue4MobileLandScape/Saved/Config/Windows/Scalability.ini]
[2019.06.10-16.35.48:077][  0]LogConfig: Setting CVar [[r.PostProcessAAQuality:4]]
[2019.06.10-16.35.48:077][  0]LogConfig: Applying CVar settings from Section [ShadowQuality@3] File [E:/PROJECT/Ue4MobileLandScape/Saved/Config/Windows/Scalability.ini]
[2019.06.10-16.35.48:077][  0]LogConfig: Setting CVar [[r.LightFunctionQuality:1]]
[2019.06.10-16.35.48:077][  0]LogConfig: Setting CVar [[r.ShadowQuality:5]]
[2019.06.10-16.35.48:077][  0]LogConfig: Setting CVar [[r.Shadow.CSM.MaxCascades:10]]
[2019.06.10-16.35.48:077][  0]LogConfig: Setting CVar [[r.Shadow.MaxResolution:2048]]
[2019.06.10-16.35.48:077][  0]LogConfig: Setting CVar [[r.Shadow.MaxCSMResolution:2048]]
[2019.06.10-16.35.48:077][  0]LogConfig: Setting CVar [[r.Shadow.RadiusThreshold:0.01]]
[2019.06.10-16.35.48:077][  0]LogConfig: Setting CVar [[r.Shadow.DistanceScale:1.0]]
[2019.06.10-16.35.48:077][  0]LogConfig: Setting CVar [[r.Shadow.CSM.TransitionScale:1.0]]
[2019.06.10-16.35.48:077][  0]LogConfig: Setting CVar [[r.Shadow.PreShadowResolutionFactor:1.0]]
[2019.06.10-16.35.48:077][  0]LogConfig: Setting CVar [[r.DistanceFieldShadowing:1]]
[2019.06.10-16.35.48:077][  0]LogConfig: Setting CVar [[r.DistanceFieldAO:1]]
[2019.06.10-16.35.48:077][  0]LogConfig: Setting CVar [[r.AOQuality:2]]
[2019.06.10-16.35.48:077][  0]LogConfig: Setting CVar [[r.VolumetricFog:1]]
[2019.06.10-16.35.48:077][  0]LogConfig: Setting CVar [[r.VolumetricFog.GridPixelSize:8]]
[2019.06.10-16.35.48:077][  0]LogConfig: Setting CVar [[r.VolumetricFog.GridSizeZ:128]]
[2019.06.10-16.35.48:077][  0]LogConfig: Setting CVar [[r.VolumetricFog.HistoryMissSupersampleCount:4]]
[2019.06.10-16.35.48:077][  0]LogConfig: Setting CVar [[r.LightMaxDrawDistanceScale:1]]
[2019.06.10-16.35.48:077][  0]LogConfig: Setting CVar [[r.CapsuleShadows:1]]
[2019.06.10-16.35.48:077][  0]LogConfig: Applying CVar settings from Section [PostProcessQuality@3] File [E:/PROJECT/Ue4MobileLandScape/Saved/Config/Windows/Scalability.ini]
[2019.06.10-16.35.48:077][  0]LogConfig: Setting CVar [[r.MotionBlurQuality:4]]
[2019.06.10-16.35.48:077][  0]LogConfig: Setting CVar [[r.AmbientOcclusionMipLevelFactor:0.4]]
[2019.06.10-16.35.48:077][  0]LogConfig: Setting CVar [[r.AmbientOcclusionMaxQuality:100]]
[2019.06.10-16.35.48:077][  0]LogConfig: Setting CVar [[r.AmbientOcclusionLevels:-1]]
[2019.06.10-16.35.48:077][  0]LogConfig: Setting CVar [[r.AmbientOcclusionRadiusScale:1.0]]
[2019.06.10-16.35.48:077][  0]LogConfig: Setting CVar [[r.DepthOfFieldQuality:2]]
[2019.06.10-16.35.48:077][  0]LogConfig: Setting CVar [[r.RenderTargetPoolMin:400]]
[2019.06.10-16.35.48:077][  0]LogConfig: Setting CVar [[r.LensFlareQuality:2]]
[2019.06.10-16.35.48:077][  0]LogConfig: Setting CVar [[r.SceneColorFringeQuality:1]]
[2019.06.10-16.35.48:077][  0]LogConfig: Setting CVar [[r.EyeAdaptationQuality:2]]
[2019.06.10-16.35.48:077][  0]LogConfig: Setting CVar [[r.BloomQuality:5]]
[2019.06.10-16.35.48:077][  0]LogConfig: Setting CVar [[r.FastBlurThreshold:100]]
[2019.06.10-16.35.48:077][  0]LogConfig: Setting CVar [[r.Upscale.Quality:3]]
[2019.06.10-16.35.48:077][  0]LogConfig: Setting CVar [[r.Tonemapper.GrainQuantization:1]]
[2019.06.10-16.35.48:077][  0]LogConfig: Setting CVar [[r.LightShaftQuality:1]]
[2019.06.10-16.35.48:077][  0]LogConfig: Setting CVar [[r.Filter.SizeScale:1]]
[2019.06.10-16.35.48:077][  0]LogConfig: Setting CVar [[r.Tonemapper.Quality:5]]
[2019.06.10-16.35.48:077][  0]LogConfig: Setting CVar [[r.DOF.Gather.AccumulatorQuality:1        ; higher gathering accumulator quality]]
[2019.06.10-16.35.48:077][  0]LogConfig: Setting CVar [[r.DOF.Gather.PostfilterMethod:1          ; Median3x3 postfilering method]]
[2019.06.10-16.35.48:077][  0]LogConfig: Setting CVar [[r.DOF.Gather.EnableBokehSettings:0       ; no bokeh simulation when gathering]]
[2019.06.10-16.35.48:077][  0]LogConfig: Setting CVar [[r.DOF.Gather.RingCount:4                 ; medium number of samples when gathering]]
[2019.06.10-16.35.48:077][  0]LogConfig: Setting CVar [[r.DOF.Scatter.ForegroundCompositing:1    ; additive foreground scattering]]
[2019.06.10-16.35.48:078][  0]LogConfig: Setting CVar [[r.DOF.Scatter.BackgroundCompositing:2    ; additive background scattering]]
[2019.06.10-16.35.48:078][  0]LogConfig: Setting CVar [[r.DOF.Scatter.EnableBokehSettings:1      ; bokeh simulation when scattering]]
[2019.06.10-16.35.48:078][  0]LogConfig: Setting CVar [[r.DOF.Scatter.MaxSpriteRatio:0.1         ; only a maximum of 10% of scattered bokeh]]
[2019.06.10-16.35.48:078][  0]LogConfig: Setting CVar [[r.DOF.Recombine.Quality:1                ; cheap slight out of focus]]
[2019.06.10-16.35.48:078][  0]LogConfig: Setting CVar [[r.DOF.Recombine.EnableBokehSettings:0    ; no bokeh simulation on slight out of focus]]
[2019.06.10-16.35.48:078][  0]LogConfig: Setting CVar [[r.DOF.TemporalAAQuality:1                ; more stable temporal accumulation]]
[2019.06.10-16.35.48:078][  0]LogConfig: Setting CVar [[r.DOF.Kernel.MaxForegroundRadius:0.025]]
[2019.06.10-16.35.48:078][  0]LogConfig: Setting CVar [[r.DOF.Kernel.MaxBackgroundRadius:0.025]]
[2019.06.10-16.35.48:078][  0]LogConfig: Applying CVar settings from Section [TextureQuality@3] File [E:/PROJECT/Ue4MobileLandScape/Saved/Config/Windows/Scalability.ini]
[2019.06.10-16.35.48:078][  0]LogConfig: Setting CVar [[r.Streaming.MipBias:0]]
[2019.06.10-16.35.48:078][  0]LogConfig: Setting CVar [[r.Streaming.AmortizeCPUToGPUCopy:0]]
[2019.06.10-16.35.48:078][  0]LogConfig: Setting CVar [[r.Streaming.MaxNumTexturesToStreamPerFrame:0]]
[2019.06.10-16.35.48:078][  0]LogConfig: Setting CVar [[r.Streaming.Boost:1]]
[2019.06.10-16.35.48:078][  0]LogConfig: Setting CVar [[r.MaxAnisotropy:8]]
[2019.06.10-16.35.48:078][  0]LogConfig: Setting CVar [[r.Streaming.LimitPoolSizeToVRAM:0]]
[2019.06.10-16.35.48:078][  0]LogConfig: Setting CVar [[r.Streaming.PoolSize:1000]]
[2019.06.10-16.35.48:078][  0]LogConfig: Setting CVar [[r.Streaming.MaxEffectiveScreenSize:0]]
[2019.06.10-16.35.48:078][  0]LogConfig: Applying CVar settings from Section [EffectsQuality@3] File [E:/PROJECT/Ue4MobileLandScape/Saved/Config/Windows/Scalability.ini]
[2019.06.10-16.35.48:078][  0]LogConfig: Setting CVar [[r.TranslucencyLightingVolumeDim:64]]
[2019.06.10-16.35.48:078][  0]LogConfig: Setting CVar [[r.RefractionQuality:2]]
[2019.06.10-16.35.48:078][  0]LogConfig: Setting CVar [[r.SSR.Quality:3]]
[2019.06.10-16.35.48:078][  0]LogConfig: Setting CVar [[r.SceneColorFormat:4]]
[2019.06.10-16.35.48:078][  0]LogConfig: Setting CVar [[r.DetailMode:2]]
[2019.06.10-16.35.48:078][  0]LogConfig: Setting CVar [[r.TranslucencyVolumeBlur:1]]
[2019.06.10-16.35.48:078][  0]LogConfig: Setting CVar [[r.MaterialQualityLevel:1 ; High quality]]
[2019.06.10-16.35.48:078][  0]LogConfig: Setting CVar [[r.SSS.Scale:1]]
[2019.06.10-16.35.48:078][  0]LogConfig: Setting CVar [[r.SSS.SampleSet:2]]
[2019.06.10-16.35.48:078][  0]LogConfig: Setting CVar [[r.SSS.Quality:1]]
[2019.06.10-16.35.48:078][  0]LogConfig: Setting CVar [[r.SSS.HalfRes:1]]
[2019.06.10-16.35.48:078][  0]LogConfig: Setting CVar [[r.EmitterSpawnRateScale:1.0]]
[2019.06.10-16.35.48:078][  0]LogConfig: Setting CVar [[r.ParticleLightQuality:2]]
[2019.06.10-16.35.48:078][  0]LogConfig: Applying CVar settings from Section [FoliageQuality@3] File [E:/PROJECT/Ue4MobileLandScape/Saved/Config/Windows/Scalability.ini]
[2019.06.10-16.35.48:078][  0]LogConfig: Setting CVar [[foliage.DensityScale:1.0]]
[2019.06.10-16.35.48:078][  0]LogConfig: Setting CVar [[grass.DensityScale:1.0]]
[2019.06.10-16.35.48:078][  0]LogConfig: Applying CVar settings from Section [Startup] File [../../../Engine/Config/ConsoleVariables.ini]
[2019.06.10-16.35.48:083][  0]LogConfig: Setting CVar [[net.UseAdaptiveNetUpdateFrequency:0]]
[2019.06.10-16.35.48:083][  0]LogConfig: Setting CVar [[p.chaos.AllowCreatePhysxBodies:1]]
[2019.06.10-16.35.48:083][  0]LogConfig: Applying CVar settings from Section [ConsoleVariables] File [E:/PROJECT/Ue4MobileLandScape/Saved/Config/Windows/Engine.ini]
[2019.06.10-16.35.48:084][  0]LogInit: Computer: DESKTOP-42G3QB3
[2019.06.10-16.35.48:084][  0]LogInit: User: foran
[2019.06.10-16.35.48:084][  0]LogInit: CPU Page size=4096, Cores=8
[2019.06.10-16.35.48:084][  0]LogInit: High frequency timer resolution =10.000000 MHz
[2019.06.10-16.35.48:084][  0]LogMemory: Memory total: Physical=15.9GB (16GB approx)
[2019.06.10-16.35.48:084][  0]LogMemory: Platform Memory Stats for Windows
[2019.06.10-16.35.48:084][  0]LogMemory: Process Physical Memory: 99.65 MB used, 99.65 MB peak
[2019.06.10-16.35.48:084][  0]LogMemory: Process Virtual Memory: 90.42 MB used, 90.42 MB peak
[2019.06.10-16.35.48:084][  0]LogMemory: Physical Memory: 5556.45 MB used,  10760.77 MB free, 16317.22 MB total
[2019.06.10-16.35.48:084][  0]LogMemory: Virtual Memory: 4689.59 MB used,  134213040.00 MB free, 134217728.00 MB total
[2019.06.10-16.35.48:743][  0]LogInit: Using OS detected language (ko-KR).
[2019.06.10-16.35.48:743][  0]LogInit: Using OS detected locale (ko-KR).
[2019.06.10-16.35.48:744][  0]LogTextLocalizationManager: No specific localization for 'ko-KR' exists, so the 'ko' localization will be used.
[2019.06.10-16.35.48:848][  0]LogInit: Setting process to per monitor DPI aware
[2019.06.10-16.35.49:005][  0]LogSlate: New Slate User Created.  User Index 0, Is Virtual User: 0
[2019.06.10-16.35.49:005][  0]LogSlate: Slate User Registered.  User Index 0, Is Virtual User: 0
[2019.06.10-16.35.51:552][  0]LogD3D11RHI: D3D11 adapters:
[2019.06.10-16.35.51:681][  0]LogD3D11RHI:    0. 'NVIDIA GeForce GTX 1070' (Feature Level 11_0)
[2019.06.10-16.35.51:681][  0]LogD3D11RHI:       8088/0/8158 MB DedicatedVideo/DedicatedSystem/SharedSystem, Outputs:1, VendorId:0x10de
[2019.06.10-16.35.51:749][  0]LogD3D11RHI:    1. 'AMD Radeon R7 200 Series' (Feature Level 11_0)
[2019.06.10-16.35.51:749][  0]LogD3D11RHI:       1004/0/8158 MB DedicatedVideo/DedicatedSystem/SharedSystem, Outputs:1, VendorId:0x1002
[2019.06.10-16.35.51:752][  0]LogD3D11RHI:    2. 'Microsoft Basic Render Driver' (Feature Level 11_0)
[2019.06.10-16.35.51:752][  0]LogD3D11RHI:       0/0/8158 MB DedicatedVideo/DedicatedSystem/SharedSystem, Outputs:0, VendorId:0x1414
[2019.06.10-16.35.51:752][  0]LogD3D11RHI: Chosen D3D11 Adapter: 0
[2019.06.10-16.35.51:762][  0]LogD3D11RHI: Creating new Direct3DDevice
[2019.06.10-16.35.51:762][  0]LogD3D11RHI:     GPU DeviceId: 0x1b81 (for the marketing name, search the web for "GPU Device Id")
[2019.06.10-16.35.51:762][  0]LogWindows: EnumDisplayDevices:
[2019.06.10-16.35.51:763][  0]LogWindows:    0. 'NVIDIA GeForce GTX 1070' (P:1 D:1)
[2019.06.10-16.35.51:764][  0]LogWindows:    1. 'NVIDIA GeForce GTX 1070' (P:0 D:0)
[2019.06.10-16.35.51:765][  0]LogWindows:    2. 'NVIDIA GeForce GTX 1070' (P:0 D:0)
[2019.06.10-16.35.51:766][  0]LogWindows:    3. 'NVIDIA GeForce GTX 1070' (P:0 D:0)
[2019.06.10-16.35.51:767][  0]LogWindows:    4. 'AMD Radeon R7 200 Series' (P:0 D:1)
[2019.06.10-16.35.51:769][  0]LogWindows:    5. 'AMD Radeon R7 200 Series' (P:0 D:0)
[2019.06.10-16.35.51:770][  0]LogWindows:    6. 'AMD Radeon R7 200 Series' (P:0 D:0)
[2019.06.10-16.35.51:772][  0]LogWindows:    7. 'AMD Radeon R7 200 Series' (P:0 D:0)
[2019.06.10-16.35.51:773][  0]LogWindows:    8. 'AMD Radeon R7 200 Series' (P:0 D:0)
[2019.06.10-16.35.51:775][  0]LogWindows:    9. 'AMD Radeon R7 200 Series' (P:0 D:0)
[2019.06.10-16.35.51:776][  0]LogWindows: DebugString: PrimaryIsNotTheChoosenAdapter PrimaryIsNotTheChoosenAdapter PrimaryIsNotTheChoosenAdapter PrimaryIsNotTheChoosenAdapter PrimaryIsNotTheChoosenAdapter PrimaryIsNotTheChoosenAdapter FoundDriverCount:4 
[2019.06.10-16.35.51:776][  0]LogD3D11RHI:     Adapter Name: NVIDIA GeForce GTX 1070
[2019.06.10-16.35.51:776][  0]LogD3D11RHI:   Driver Version: 430.86 (internal:26.21.14.3086, unified:430.86)
[2019.06.10-16.35.51:776][  0]LogD3D11RHI:      Driver Date: 5-22-2019
[2019.06.10-16.35.51:776][  0]LogRHI: Texture pool is 5661 MB (70% of 8088 MB)
[2019.06.10-16.35.51:839][  0]LogD3D11RHI: Async texture creation enabled
[2019.06.10-16.35.51:870][  0]LogRendererCore: FGlobalReadBuffer::InitRHI
[2019.06.10-16.35.51:872][  0]LogRendererCore: FGlobalReadBuffer::InitRHI
[2019.06.10-16.35.51:872][  0]LogRendererCore: FGlobalReadBuffer::InitRHI
[2019.06.10-16.35.51:886][  0]LogD3D11RHI: GPU Timing Frequency: 1000.000000 (Debug: 2 1)
[2019.06.10-16.35.52:755][  0]LogTemp: Display: Module 'AllDesktopTargetPlatform' loaded TargetPlatform 'AllDesktop'
[2019.06.10-16.35.52:771][  0]LogTemp: Display: Module 'MacClientTargetPlatform' loaded TargetPlatform 'MacClient'
[2019.06.10-16.35.53:083][  0]LogTemp: Display: Module 'MacNoEditorTargetPlatform' loaded TargetPlatform 'MacNoEditor'
[2019.06.10-16.35.53:098][  0]LogTemp: Display: Module 'MacServerTargetPlatform' loaded TargetPlatform 'MacServer'
[2019.06.10-16.35.53:410][  0]LogTemp: Display: Module 'MacTargetPlatform' loaded TargetPlatform 'Mac'
[2019.06.10-16.35.53:427][  0]LogTemp: Display: Module 'WindowsClientTargetPlatform' loaded TargetPlatform 'WindowsClient'
[2019.06.10-16.35.53:728][  0]LogTemp: Display: Module 'WindowsNoEditorTargetPlatform' loaded TargetPlatform 'WindowsNoEditor'
[2019.06.10-16.35.53:744][  0]LogTemp: Display: Module 'WindowsServerTargetPlatform' loaded TargetPlatform 'WindowsServer'
[2019.06.10-16.35.54:045][  0]LogTemp: Display: Module 'WindowsTargetPlatform' loaded TargetPlatform 'Windows'
[2019.06.10-16.35.54:125][  0]LogTemp: Display: Module 'AndroidTargetPlatform' loaded TargetPlatform 'Android'
[2019.06.10-16.35.54:125][  0]LogTemp: Display: Module 'AndroidTargetPlatform' loaded TargetPlatform 'Android_ASTC'
[2019.06.10-16.35.54:125][  0]LogTemp: Display: Module 'AndroidTargetPlatform' loaded TargetPlatform 'Android_ATC'
[2019.06.10-16.35.54:125][  0]LogTemp: Display: Module 'AndroidTargetPlatform' loaded TargetPlatform 'Android_DXT'
[2019.06.10-16.35.54:125][  0]LogTemp: Display: Module 'AndroidTargetPlatform' loaded TargetPlatform 'Android_ETC1'
[2019.06.10-16.35.54:125][  0]LogTemp: Display: Module 'AndroidTargetPlatform' loaded TargetPlatform 'Android_ETC1a'
[2019.06.10-16.35.54:125][  0]LogTemp: Display: Module 'AndroidTargetPlatform' loaded TargetPlatform 'Android_ETC2'
[2019.06.10-16.35.54:125][  0]LogTemp: Display: Module 'AndroidTargetPlatform' loaded TargetPlatform 'Android_PVRTC'
[2019.06.10-16.35.54:125][  0]LogTemp: Display: Module 'AndroidTargetPlatform' loaded TargetPlatform 'AndroidClient'
[2019.06.10-16.35.54:125][  0]LogTemp: Display: Module 'AndroidTargetPlatform' loaded TargetPlatform 'Android_ASTCClient'
[2019.06.10-16.35.54:125][  0]LogTemp: Display: Module 'AndroidTargetPlatform' loaded TargetPlatform 'Android_ATCClient'
[2019.06.10-16.35.54:125][  0]LogTemp: Display: Module 'AndroidTargetPlatform' loaded TargetPlatform 'Android_DXTClient'
[2019.06.10-16.35.54:125][  0]LogTemp: Display: Module 'AndroidTargetPlatform' loaded TargetPlatform 'Android_ETC1Client'
[2019.06.10-16.35.54:125][  0]LogTemp: Display: Module 'AndroidTargetPlatform' loaded TargetPlatform 'Android_ETC1aClient'
[2019.06.10-16.35.54:125][  0]LogTemp: Display: Module 'AndroidTargetPlatform' loaded TargetPlatform 'Android_ETC2Client'
[2019.06.10-16.35.54:125][  0]LogTemp: Display: Module 'AndroidTargetPlatform' loaded TargetPlatform 'Android_PVRTCClient'
[2019.06.10-16.35.54:125][  0]LogTemp: Display: Module 'AndroidTargetPlatform' loaded TargetPlatform 'Android_Multi'
[2019.06.10-16.35.54:125][  0]LogTemp: Display: Module 'AndroidTargetPlatform' loaded TargetPlatform 'Android_MultiClient'
[2019.06.10-16.35.54:423][  0]LogTemp: Display: Module 'HTML5TargetPlatform' loaded TargetPlatform 'HTML5'
[2019.06.10-16.35.54:756][  0]LogTemp: Display: Module 'IOSTargetPlatform' loaded TargetPlatform 'IOSClient'
[2019.06.10-16.35.54:756][  0]LogTemp: Display: Module 'IOSTargetPlatform' loaded TargetPlatform 'IOS'
[2019.06.10-16.35.55:073][  0]LogTemp: Display: Module 'TVOSTargetPlatform' loaded TargetPlatform 'TVOSClient'
[2019.06.10-16.35.55:073][  0]LogTemp: Display: Module 'TVOSTargetPlatform' loaded TargetPlatform 'TVOS'
[2019.06.10-16.35.55:122][  0]LogTemp: Display: Module 'LuminTargetPlatform' loaded TargetPlatform 'Lumin'
[2019.06.10-16.35.55:122][  0]LogTemp: Display: Module 'LuminTargetPlatform' loaded TargetPlatform 'LuminClient'
[2019.06.10-16.35.55:122][  0]LogTargetPlatformManager: Display: Building Assets For Windows
[2019.06.10-16.35.55:465][  0]LogAudioDebug: Display: Lib vorbis DLL was dynamically loaded.
[2019.06.10-16.35.57:940][  0]LogShaderCompilers: Guid format shader working directory is 4 characters bigger than the processId version (../../../../../PROJECT/Ue4MobileLandScape/Intermediate/Shaders/WorkingDirectory/18492/).
[2019.06.10-16.35.57:940][  0]LogShaderCompilers: Cleaned the shader compiler working directory 'C:/Users/foran/AppData/Local/Temp/UnrealShaderWorkingDir/32C478124201BE999689228A3C7C2CDF/'.
[2019.06.10-16.35.57:946][  0]LogXGEController: Cannot use XGE Controller as Incredibuild is not installed on this machine.
[2019.06.10-16.35.57:947][  0]LogShaderCompilers: Cannot use XGE Shader Compiler as Incredibuild is not installed on this machine.
[2019.06.10-16.35.57:947][  0]LogShaderCompilers: Display: Using Local Shader Compiler.
[2019.06.10-16.36.00:314][  0]LogDerivedDataCache: Display: Max Cache Size: 512 MB
[2019.06.10-16.36.00:366][  0]LogDerivedDataCache: Loaded boot cache 0.05s 71MB ../../../../../PROJECT/Ue4MobileLandScape/DerivedDataCache/Boot.ddc.
[2019.06.10-16.36.00:366][  0]LogDerivedDataCache: Display: Loaded Boot cache: ../../../../../PROJECT/Ue4MobileLandScape/DerivedDataCache/Boot.ddc
[2019.06.10-16.36.00:366][  0]LogDerivedDataCache: FDerivedDataBackendGraph:  Pak pak cache file ../../../../../PROJECT/Ue4MobileLandScape/DerivedDataCache/DDC.ddp not found, will not use a pak cache.
[2019.06.10-16.36.00:366][  0]LogDerivedDataCache: Unable to find inner node Pak for hierarchical cache Hierarchy.
[2019.06.10-16.36.00:367][  0]LogDerivedDataCache: FDerivedDataBackendGraph:  EnginePak pak cache file ../../../Engine/DerivedDataCache/DDC.ddp not found, will not use a pak cache.
[2019.06.10-16.36.00:367][  0]LogDerivedDataCache: Unable to find inner node EnginePak for hierarchical cache Hierarchy.
[2019.06.10-16.36.00:381][  0]LogDerivedDataCache: Using Local data cache path ../../../Engine/DerivedDataCache: Writable
[2019.06.10-16.36.00:381][  0]LogDerivedDataCache: Shared data cache path not found in *engine.ini, will not use an Shared cache.
[2019.06.10-16.36.00:381][  0]LogDerivedDataCache: Unable to find inner node Shared for hierarchical cache Hierarchy.
[2019.06.10-16.36.00:420][  0]LogMaterial: Verifying Global Shaders for PCD3D_SM5
[2019.06.10-16.36.00:460][  0]LogSlate: Using FreeType 2.6.0
[2019.06.10-16.36.00:477][  0]LogSlate: SlateFontServices - WITH_FREETYPE: 1, WITH_HARFBUZZ: 1
[2019.06.10-16.36.00:916][  0]LogAssetRegistry: FAssetRegistry took 0.0418 seconds to start up
[2019.06.10-16.36.01:576][  0]LogAssetRegistry: Error: Failed to open file for write ../../../../../PROJECT/Ue4MobileLandScape/Intermediate/CachedAssetRegistry.bin
[2019.06.10-16.36.01:576][  0]LogInit: Selected Device Profile: [Windows]
[2019.06.10-16.36.03:443][  0]LogMeshReduction: Using QuadricMeshReduction for automatic static mesh reduction
[2019.06.10-16.36.03:443][  0]LogMeshReduction: Using SimplygonMeshReduction for automatic skeletal mesh reduction
[2019.06.10-16.36.03:443][  0]LogMeshReduction: Using ProxyLODMeshReduction for automatic mesh merging
[2019.06.10-16.36.03:443][  0]LogMeshReduction: No distributed automatic mesh merging module available
[2019.06.10-16.36.03:443][  0]LogMeshMerging: No distributed automatic mesh merging module available
[2019.06.10-16.36.03:460][  0]LogNetVersion: ES3LandscapeCrash 1.0.0, NetCL: 0, EngineNetVer: 10, GameNetVer: 0 (Checksum: 2781040957)
[2019.06.10-16.36.04:966][  0]LogAssetRegistry: Error: Failed to open file for write ../../../../../PROJECT/Ue4MobileLandScape/Intermediate/AssetRegistryCache/b41d435a.bin
[2019.06.10-16.36.04:976][  0]LogFileManager: Warning: MoveFile was unable to move '../../../../../PROJECT/Ue4MobileLandScape/Intermediate/AssetRegistryCache/142f06ae.bin.tmp' to '../../../../../PROJECT/Ue4MobileLandScape/Intermediate/AssetRegistryCache/142f06ae.bin', retrying in .5s...
[2019.06.10-16.36.05:477][  0]LogFileManager: Warning: MoveFile was unable to move '../../../../../PROJECT/Ue4MobileLandScape/Intermediate/AssetRegistryCache/142f06ae.bin.tmp' to '../../../../../PROJECT/Ue4MobileLandScape/Intermediate/AssetRegistryCache/142f06ae.bin', retrying in .5s...
[2019.06.10-16.36.05:978][  0]LogFileManager: Warning: MoveFile was unable to move '../../../../../PROJECT/Ue4MobileLandScape/Intermediate/AssetRegistryCache/142f06ae.bin.tmp' to '../../../../../PROJECT/Ue4MobileLandScape/Intermediate/AssetRegistryCache/142f06ae.bin', retrying in .5s...
[2019.06.10-16.36.06:479][  0]LogFileManager: Warning: MoveFile was unable to move '../../../../../PROJECT/Ue4MobileLandScape/Intermediate/AssetRegistryCache/142f06ae.bin.tmp' to '../../../../../PROJECT/Ue4MobileLandScape/Intermediate/AssetRegistryCache/142f06ae.bin', retrying in .5s...
[2019.06.10-16.36.06:981][  0]LogFileManager: Warning: MoveFile was unable to move '../../../../../PROJECT/Ue4MobileLandScape/Intermediate/AssetRegistryCache/142f06ae.bin.tmp' to '../../../../../PROJECT/Ue4MobileLandScape/Intermediate/AssetRegistryCache/142f06ae.bin', retrying in .5s...
[2019.06.10-16.36.07:481][  0]LogFileManager: Warning: MoveFile was unable to move '../../../../../PROJECT/Ue4MobileLandScape/Intermediate/AssetRegistryCache/142f06ae.bin.tmp' to '../../../../../PROJECT/Ue4MobileLandScape/Intermediate/AssetRegistryCache/142f06ae.bin', retrying in .5s...
[2019.06.10-16.36.07:982][  0]LogFileManager: Warning: MoveFile was unable to move '../../../../../PROJECT/Ue4MobileLandScape/Intermediate/AssetRegistryCache/142f06ae.bin.tmp' to '../../../../../PROJECT/Ue4MobileLandScape/Intermediate/AssetRegistryCache/142f06ae.bin', retrying in .5s...
[2019.06.10-16.36.08:483][  0]LogFileManager: Warning: MoveFile was unable to move '../../../../../PROJECT/Ue4MobileLandScape/Intermediate/AssetRegistryCache/142f06ae.bin.tmp' to '../../../../../PROJECT/Ue4MobileLandScape/Intermediate/AssetRegistryCache/142f06ae.bin', retrying in .5s...
[2019.06.10-16.36.08:984][  0]LogFileManager: Warning: MoveFile was unable to move '../../../../../PROJECT/Ue4MobileLandScape/Intermediate/AssetRegistryCache/142f06ae.bin.tmp' to '../../../../../PROJECT/Ue4MobileLandScape/Intermediate/AssetRegistryCache/142f06ae.bin', retrying in .5s...
[2019.06.10-16.36.09:485][  0]LogFileManager: Warning: MoveFile was unable to move '../../../../../PROJECT/Ue4MobileLandScape/Intermediate/AssetRegistryCache/142f06ae.bin.tmp' to '../../../../../PROJECT/Ue4MobileLandScape/Intermediate/AssetRegistryCache/142f06ae.bin', retrying in .5s...
[2019.06.10-16.36.09:986][  0]LogFileManager: Error: Error moving file '../../../../../PROJECT/Ue4MobileLandScape/Intermediate/AssetRegistryCache/142f06ae.bin.tmp' to '../../../../../PROJECT/Ue4MobileLandScape/Intermediate/AssetRegistryCache/142f06ae.bin'.
[2019.06.10-16.36.10:057][  0]LogPackageLocalizationCache: Processed 9 localized package path(s) for 1 prioritized culture(s) in 5.098581 seconds
[2019.06.10-16.36.10:068][  0]LogUObjectArray: 41947 objects as part of root set at end of initial load.
[2019.06.10-16.36.10:068][  0]LogUObjectAllocator: 7282032 out of 0 bytes used by permanent object pool.
[2019.06.10-16.36.10:068][  0]LogUObjectArray: CloseDisregardForGC: 0/0 objects in disregard for GC pool
[2019.06.10-16.36.15:870][  0]LogTcpMessaging: Initializing TcpMessaging bridge
[2019.06.10-16.36.16:179][  0]LogUdpMessaging: Initializing bridge on interface 0.0.0.0:0 to multicast group 230.0.0.1:6666.
[2019.06.10-16.36.17:843][  0]SourceControl: 소스 컨트롤이 꺼져 있습니다.
[2019.06.10-16.36.17:843][  0]SourceControl: 소스 컨트롤이 꺼져 있습니다.
[2019.06.10-16.36.17:845][  0]SourceControl: 소스 컨트롤이 꺼져 있습니다.
[2019.06.10-16.36.17:852][  0]SourceControl: 소스 컨트롤이 꺼져 있습니다.
[2019.06.10-16.36.21:316][  0]LogAndroidPermission: UAndroidPermissionCallbackProxy::GetInstance
[2019.06.10-16.36.22:799][  0]LogOcInput: OculusInput pre-init called
[2019.06.10-16.36.24:612][  0]LogEngine: Initializing Engine...
[2019.06.10-16.36.24:613][  0]LogStats: UGameplayTagsManager::InitializeManager -  0.000 s
[2019.06.10-16.36.24:933][  0]LogInit: Initializing FReadOnlyCVARCache
[2019.06.10-16.36.25:297][  0]LogAIModule: Creating AISystem for world Untitled
[2019.06.10-16.36.25:392][  0]LogInit: XAudio2 using '스피커(Realtek High Definition Audio)' : 2 channels at 48 kHz using 32 bits per sample (channel mask 0x3)
[2019.06.10-16.36.25:428][  0]LogInit: FAudioDevice initialized.
[2019.06.10-16.36.25:428][  0]LogNetVersion: Set ProjectVersion to 1.0.0.0. Version Checksum will be recalculated on next use.
[2019.06.10-16.36.27:146][  0]LogDerivedDataCache: Error: Could not save memory cache ../../../../../PROJECT/Ue4MobileLandScape/DerivedDataCache/Boot.ddc.
[2019.06.10-16.36.27:156][  0]LogInit: Texture streaming: Enabled
[2019.06.10-16.36.27:525][  0]LogEngineSessionManager: EngineSessionManager initialized
[2019.06.10-16.36.27:877][  0]LogInit: Transaction tracking system initialized
[2019.06.10-16.36.28:568][  0]BlueprintLog: New page: 에디터 로드
[2019.06.10-16.36.30:897][  0]LocalizationService: 현지화 서비스가 비활성화되었습니다.
[2019.06.10-16.36.33:129][  0]LogFileCache: Scanning file cache for directory 'E:/PROJECT/Ue4MobileLandScape/Content/' took 0.02s
[2019.06.10-16.36.33:129][  0]LogCook: Display: Max memory allowance for cook 16384mb min free memory 0mb
[2019.06.10-16.36.33:129][  0]LogCook: Display: Mobile HDR setting 1
[2019.06.10-16.36.36:652][  0]SourceControl: 소스 컨트롤이 꺼져 있습니다.
[2019.06.10-16.36.36:655][  0]Cmd: MAP LOAD FILE="../../../../../PROJECT/Ue4MobileLandScape/Content/CrashTest.umap" TEMPLATE=0 SHOWPROGRESS=1 FEATURELEVEL=3
[2019.06.10-16.36.36:665][  0]LightingResults: New page: 라이팅 빌드
[2019.06.10-16.36.36:683][  0]MapCheck: New page: 맵 체크
[2019.06.10-16.36.36:683][  0]LightingResults: New page: 라이팅 빌드
[2019.06.10-16.36.36:741][  0]LogUObjectHash: Compacting FUObjectHashTables data took   2.10ms
[2019.06.10-16.36.37:697][  0]LogAIModule: Creating AISystem for world CrashTest
[2019.06.10-16.36.38:738][  0]LogEditorServer: Finished looking for orphan Actors (0.000 secs)
[2019.06.10-16.36.38:795][  0]LogUObjectHash: Compacting FUObjectHashTables data took   0.97ms
[2019.06.10-16.36.38:795][  0]Cmd: MAP CHECKDEP NOCLEARLOG
[2019.06.10-16.36.38:796][  0]MapCheck: 맵 체크 완료: 오류 0 회, 경고 0 회, 소요 시간 0.13ms.
[2019.06.10-16.36.38:796][  0]LogFileHelpers: Loading map 'CrashTest' took 2.142
[2019.06.10-16.36.39:159][  0]LogSlate: Updating window title bar state: overlay mode, drag disabled, window buttons hidden, title bar hidden
[2019.06.10-16.36.39:171][  0]LogSlate: Updating window title bar state: overlay mode, drag disabled, window buttons hidden, title bar hidden
[2019.06.10-16.36.39:187][  0]LogSlate: Updating window title bar state: overlay mode, drag disabled, window buttons hidden, title bar hidden
[2019.06.10-16.36.39:198][  0]LogSlate: Updating window title bar state: overlay mode, drag disabled, window buttons hidden, title bar hidden
[2019.06.10-16.36.39:271][  0]LogCollectionManager: Loaded 0 collections in 0.002562 seconds
[2019.06.10-16.36.39:338][  0]LogFileCache: Scanning file cache for directory 'E:/PROJECT/Ue4MobileLandScape/Saved/Collections/' took 0.01s
[2019.06.10-16.36.39:338][  0]LogFileCache: Scanning file cache for directory 'E:/PROJECT/Ue4MobileLandScape/Content/Developers/foran/Collections/' took 0.00s
[2019.06.10-16.36.39:338][  0]LogFileCache: Scanning file cache for directory 'E:/PROJECT/Ue4MobileLandScape/Content/Collections/' took 0.00s
[2019.06.10-16.36.39:338][  0]LogCollectionManager: Rebuilt the GUID cache for 0 collections in 0.000000 seconds
[2019.06.10-16.36.39:363][  0]LogContentBrowser: Native class hierarchy populated in 0.0196 seconds. Added 2728 classes and 652 folders.
[2019.06.10-16.36.39:391][  0]LogContentBrowser: Native class hierarchy updated for 'WidgetCarousel' in 0.0009 seconds. Added 0 classes and 0 folders.
[2019.06.10-16.36.39:412][  0]LogPakFile: Registered encryption key '00000000000000000000000000000000': 0 pak files mounted, 0 remain pending
[2019.06.10-16.36.39:450][  0]LogPakFile: Registered encryption key '00000000000000000000000000000000': 0 pak files mounted, 0 remain pending
[2019.06.10-16.36.39:471][  0]LogPakFile: Registered encryption key '00000000000000000000000000000000': 0 pak files mounted, 0 remain pending
[2019.06.10-16.36.39:480][  0]LogPakFile: Registered encryption key '00000000000000000000000000000000': 0 pak files mounted, 0 remain pending
[2019.06.10-16.36.39:490][  0]LogPakFile: Registered encryption key '00000000000000000000000000000000': 0 pak files mounted, 0 remain pending
[2019.06.10-16.36.39:497][  0]LogPakFile: Registered encryption key '00000000000000000000000000000000': 0 pak files mounted, 0 remain pending
[2019.06.10-16.36.39:504][  0]LogPakFile: Registered encryption key '00000000000000000000000000000000': 0 pak files mounted, 0 remain pending
[2019.06.10-16.36.39:512][  0]LogPakFile: Registered encryption key '00000000000000000000000000000000': 0 pak files mounted, 0 remain pending
[2019.06.10-16.36.39:521][  0]LogPakFile: Registered encryption key '00000000000000000000000000000000': 0 pak files mounted, 0 remain pending
[2019.06.10-16.36.39:531][  0]LogPakFile: Registered encryption key '00000000000000000000000000000000': 0 pak files mounted, 0 remain pending
[2019.06.10-16.36.39:538][  0]LogPakFile: Registered encryption key '00000000000000000000000000000000': 0 pak files mounted, 0 remain pending
[2019.06.10-16.36.39:546][  0]LogPakFile: Registered encryption key '00000000000000000000000000000000': 0 pak files mounted, 0 remain pending
[2019.06.10-16.36.39:554][  0]LogPakFile: Registered encryption key '00000000000000000000000000000000': 0 pak files mounted, 0 remain pending
[2019.06.10-16.36.39:563][  0]LogPakFile: Registered encryption key '00000000000000000000000000000000': 0 pak files mounted, 0 remain pending
[2019.06.10-16.36.39:570][  0]LogPakFile: Registered encryption key '00000000000000000000000000000000': 0 pak files mounted, 0 remain pending
[2019.06.10-16.36.39:577][  0]LogPakFile: Registered encryption key '00000000000000000000000000000000': 0 pak files mounted, 0 remain pending
[2019.06.10-16.36.39:585][  0]LogPakFile: Registered encryption key '00000000000000000000000000000000': 0 pak files mounted, 0 remain pending
[2019.06.10-16.36.39:593][  0]LogPakFile: Registered encryption key '00000000000000000000000000000000': 0 pak files mounted, 0 remain pending
[2019.06.10-16.36.39:601][  0]LogPakFile: Registered encryption key '00000000000000000000000000000000': 0 pak files mounted, 0 remain pending
[2019.06.10-16.36.39:610][  0]LogPakFile: Registered encryption key '00000000000000000000000000000000': 0 pak files mounted, 0 remain pending
[2019.06.10-16.36.39:618][  0]LogPakFile: Registered encryption key '00000000000000000000000000000000': 0 pak files mounted, 0 remain pending
[2019.06.10-16.36.39:626][  0]LogPakFile: Registered encryption key '00000000000000000000000000000000': 0 pak files mounted, 0 remain pending
[2019.06.10-16.36.39:635][  0]LogPakFile: Registered encryption key '00000000000000000000000000000000': 0 pak files mounted, 0 remain pending
[2019.06.10-16.36.39:645][  0]LogPakFile: Registered encryption key '00000000000000000000000000000000': 0 pak files mounted, 0 remain pending
[2019.06.10-16.36.39:654][  0]LogPakFile: Registered encryption key '00000000000000000000000000000000': 0 pak files mounted, 0 remain pending
[2019.06.10-16.36.39:662][  0]LogPakFile: Registered encryption key '00000000000000000000000000000000': 0 pak files mounted, 0 remain pending
[2019.06.10-16.36.39:984][  0]LogContentBrowser: Native class hierarchy updated for 'AddContentDialog' in 0.0003 seconds. Added 0 classes and 0 folders.
[2019.06.10-16.36.40:038][  0]LogContentBrowser: Native class hierarchy updated for 'SceneOutliner' in 0.0004 seconds. Added 1 classes and 2 folders.
[2019.06.10-16.36.40:376][  0]LogContentBrowser: Native class hierarchy updated for 'WorldBrowser' in 0.0004 seconds. Added 2 classes and 3 folders.
[2019.06.10-16.36.40:491][  0]LogSlate: Took 0.011400 seconds to synchronously load lazily loaded font '../../../Engine/Content/Slate/Fonts/Roboto-Regular.ttf' (155K)
[2019.06.10-16.36.40:598][  0]LogSlate: Took 0.105309 seconds to synchronously load lazily loaded font '../../../Engine/Content/Editor/Slate/Fonts/NanumGothic.ttf' (4243K)
[2019.06.10-16.36.40:703][  0]LogSlate: Took 0.103615 seconds to synchronously load lazily loaded font '../../../Engine/Content/Editor/Slate/Fonts/NanumGothicBold.ttf' (4188K)
[2019.06.10-16.36.40:712][  0]LogSlate: Took 0.009460 seconds to synchronously load lazily loaded font '../../../Engine/Content/Slate/Fonts/Roboto-Bold.ttf' (160K)
[2019.06.10-16.36.40:727][  0]LogSlate: Took 0.008866 seconds to synchronously load lazily loaded font '../../../Engine/Content/Editor/Slate/Fonts/FontAwesome.ttf' (139K)
[2019.06.10-16.36.40:983][  0]LogRenderer: Reallocating scene render targets to support 1616x664 Format 10 NumSamples 1 (Frame:1).
[2019.06.10-16.36.41:117][  0]LogSlate: Warning: Legacy localized fallback font '../../../Engine/Content/Slate/Fonts/../../Editor/Slate/Fonts/NanumGothic.ttf' was requested. Font: '/Engine/EngineFonts/Faces/RobotoRegular.RobotoRegular', Character: '라 (U+b77c)'
Legacy localized fallback fonts were deprecated in 4.22 and will be removed in a future version!
Please update your composite fonts to use localized sub-font families: https://docs.unrealengine.com/en-US/Engine/UMG/UserGuide/Fonts/Overview
[2019.06.10-16.36.41:122][  0]LogSlate: Took 0.005264 seconds to synchronously load lazily loaded font '../../../Engine/Content/Slate/Fonts/../../Editor/Slate/Fonts/NanumGothic.ttf' (4243K)
[2019.06.10-16.36.41:305][  0]LogContentBrowser: Native class hierarchy updated for 'HierarchicalLODOutliner' in 0.0004 seconds. Added 0 classes and 0 folders.
[2019.06.10-16.36.41:305][  0]LogLoad: (Engine Initialization) Total time: 65.74 seconds
[2019.06.10-16.36.41:305][  0]LogLoad: (Engine Initialization) Total Blueprint compile time: 0.00 seconds
[2019.06.10-16.36.41:364][  0]LogAssetRegistry: Asset discovery search completed in 40.4715 seconds
[2019.06.10-16.36.41:366][  0]LogCollectionManager: Rebuilt the object cache for 0 collections in 0.000000 seconds (found 0 objects)
[2019.06.10-16.36.41:367][  0]LogCollectionManager: Fixed up redirectors for 0 collections in 0.000093 seconds (updated 0 objects)
[2019.06.10-16.36.41:372][  0]LogContentStreaming: Texture pool size now 1000 MB
[2019.06.10-16.36.41:997][  2]LogMaterial: Display: Missing cached shader map for material Material_0, compiling. 
[2019.06.10-16.36.42:044][  3]LogMaterial: Display: Missing cached shader map for material Material_1, compiling. 
[2019.06.10-16.36.42:133][  4]LogMaterial: Display: Missing cached shader map for material Material_2, compiling. 
[2019.06.10-16.36.42:209][  6]LogMaterial: Display: Missing cached shader map for material Material_3, compiling. 
[2019.06.10-16.36.42:452][ 10]LogSlate: Took 0.012854 seconds to synchronously load lazily loaded font '../../../Engine/Content/Slate/Fonts/Roboto-Light.ttf' (167K)
[2019.06.10-16.36.43:135][ 14]LogRHI: Error: SyncInterval 0
[2019.06.10-16.36.43:144][ 14]LogRHI: Error: SwapChainDesc.BufferDesc.Width 274
[2019.06.10-16.36.43:146][ 14]LogRHI: Error: SwapChainDesc.BufferDesc.Height 57
[2019.06.10-16.36.43:149][ 14]LogRHI: Error: SwapChainDesc.BufferDesc.RefreshRate.Numerator 0
[2019.06.10-16.36.43:150][ 14]LogRHI: Error: SwapChainDesc.BufferDesc.RefreshRate.Denominator 0
[2019.06.10-16.36.43:155][ 14]LogRHI: Error: SwapChainDesc.BufferDesc.Format 24
[2019.06.10-16.36.43:158][ 14]LogRHI: Error: SwapChainDesc.BufferDesc.ScanlineOrdering 0
[2019.06.10-16.36.43:162][ 14]LogRHI: Error: SwapChainDesc.BufferDesc.Scaling 0
[2019.06.10-16.36.43:163][ 14]LogRHI: Error: SwapChainDesc.SampleDesc.Count 1
[2019.06.10-16.36.43:163][ 14]LogRHI: Error: SwapChainDesc.SampleDesc.Quality 0
[2019.06.10-16.36.43:163][ 14]LogRHI: Error: SwapChainDesc.BufferUsage 48
[2019.06.10-16.36.43:163][ 14]LogRHI: Error: SwapChainDesc.BufferCount 1
[2019.06.10-16.36.43:163][ 14]LogRHI: Error: SwapChainDesc.OutputWindow 00000000001407C0
[2019.06.10-16.36.43:165][ 14]LogRHI: Error: SwapChainDesc.Windowed true
[2019.06.10-16.36.43:165][ 14]LogRHI: Error: SwapChainDesc.SwapEffect 0
[2019.06.10-16.36.43:165][ 14]LogRHI: Error: SwapChainDesc.Flags 2
[2019.06.10-16.36.43:165][ 14]LogD3D11RHI: Error: Result failed 
 at E:\UnrealEngine\UnrealEngine\Engine\Source\Runtime\Windows\D3D11RHI\Private\D3D11Viewport.cpp:361 
 with error E_INVALIDARG
[2019.06.10-16.36.43:165][ 14]LogWindows: Windows GetLastError: 작업을 완료했습니다. (0)
[2019.06.10-16.37.16:811][ 14]LogWindows: Warning: CreateProc failed: 지정된 파일을 찾을 수 없습니다. (0x00000002)
[2019.06.10-16.37.16:811][ 14]LogWindows: Warning: URL: ../../../Engine/Binaries/Win64/CrashReportClient.exe "E:/PROJECT/Ue4MobileLandScape/Saved/Crashes/UE4CC-Windows-84C1659E442A6FAEA51090B91003CE81_0000" -AppName=UE4-ES3LandscapeCrash -CrashGUID=UE4CC-Windows-84C1659E442A6FAEA51090B91003CE81_0000 -DebugSymbols=..\..\..\Engine\Intermediate\Symbols
[2019.06.10-16.37.16:811][ 14]LogWindows: Could not start CrashReportClient.exe
[2019.06.10-16.37.16:811][ 14]LogMemory: Platform Memory Stats for Windows
[2019.06.10-16.37.16:811][ 14]LogMemory: Process Physical Memory: 1905.63 MB used, 1906.82 MB peak
[2019.06.10-16.37.16:811][ 14]LogMemory: Process Virtual Memory: 2622.50 MB used, 2623.65 MB peak
[2019.06.10-16.37.16:811][ 14]LogMemory: Physical Memory: 9217.71 MB used,  7099.51 MB free, 16317.22 MB total
[2019.06.10-16.37.16:811][ 14]LogMemory: Virtual Memory: 8229.69 MB used,  134209496.00 MB free, 134217728.00 MB total
[2019.06.10-16.37.16:811][ 14]LogOutputDevice: Warning: 

Script Stack (0 frames):

[2019.06.10-16.37.16:812][ 14]LogWindows: Windows GetLastError: 작업을 완료했습니다. (0)
[2019.06.10-16.37.16:812][ 14]LogOutputDevice: Warning: 

Script Stack (0 frames):

[2019.06.10-16.37.16:812][ 14]LogWindows: Windows GetLastError: 작업을 완료했습니다. (0)
[2019.06.10-16.37.16:812][ 14]LogThreadingWindows: Error: Runnable thread RenderThread 1 crashed.
[2019.06.10-16.37.16:812][ 14]LogWindows: Error: === Critical error: ===
[2019.06.10-16.37.16:812][ 14]LogWindows: Error: 
[2019.06.10-16.37.16:812][ 14]LogWindows: Error: Fatal error: [File:E:\UnrealEngine\UnrealEngine\Engine\Source\Runtime\RenderCore\Private\RenderingThread.cpp] [Line: 819] 
[2019.06.10-16.37.16:812][ 14]LogWindows: Error: Rendering thread exception:
[2019.06.10-16.37.16:812][ 14]LogWindows: Error: Fatal error: [File:E:\UnrealEngine\UnrealEngine\Engine\Source\Runtime\Windows\D3D11RHI\Private\D3D11Util.cpp] [Line: 249] 
[2019.06.10-16.37.16:812][ 14]LogWindows: Error: Result failed 
[2019.06.10-16.37.16:812][ 14]LogWindows: Error:  at E:\UnrealEngine\UnrealEngine\Engine\Source\Runtime\Windows\D3D11RHI\Private\D3D11Viewport.cpp:361 
[2019.06.10-16.37.16:812][ 14]LogWindows: Error:  with error E_INVALIDARG
[2019.06.10-16.37.16:812][ 14]LogWindows: Error: 
[2019.06.10-16.37.16:812][ 14]LogWindows: Error: 
[2019.06.10-16.37.16:812][ 14]LogWindows: Error: [Callstack] 0x00007ffa86e09129 KERNELBASE.dll!UnknownFunction []
[2019.06.10-16.37.16:813][ 14]LogWindows: Error: [Callstack] 0x00007ffa51d31ee7 UE4Editor-Core.dll!ReportAssert() [e:\unrealengine\unrealengine\engine\source\runtime\core\private\windows\windowsplatformcrashcontext.cpp:553]
[2019.06.10-16.37.16:813][ 14]LogWindows: Error: [Callstack] 0x00007ffa51d34697 UE4Editor-Core.dll!FWindowsErrorOutputDevice::Serialize() [e:\unrealengine\unrealengine\engine\source\runtime\core\private\windows\windowserroroutputdevice.cpp:79]
[2019.06.10-16.37.16:813][ 14]LogWindows: Error: [Callstack] 0x00007ffa51b47cea UE4Editor-Core.dll!FOutputDevice::LogfImpl() [e:\unrealengine\unrealengine\engine\source\runtime\core\private\misc\outputdevice.cpp:71]
[2019.06.10-16.37.16:813][ 14]LogWindows: Error: [Callstack] 0x00007ffa51acfe07 UE4Editor-Core.dll!FDebug::AssertFailed() [e:\unrealengine\unrealengine\engine\source\runtime\core\private\misc\assertionmacros.cpp:440]
[2019.06.10-16.37.16:813][ 14]LogWindows: Error: [Callstack] 0x00007ffa06fe644a UE4Editor-D3D11RHI.dll!VerifyD3D11Result() [e:\unrealengine\unrealengine\engine\source\runtime\windows\d3d11rhi\private\d3d11util.cpp:249]
[2019.06.10-16.37.16:813][ 14]LogWindows: Error: [Callstack] 0x00007ffa06fc875e UE4Editor-D3D11RHI.dll!FD3D11Viewport::PresentChecked() [e:\unrealengine\unrealengine\engine\source\runtime\windows\d3d11rhi\private\d3d11viewport.cpp:364]
[2019.06.10-16.37.16:813][ 14]LogWindows: Error: [Callstack] 0x00007ffa06fd480b UE4Editor-D3D11RHI.dll!FD3D11DynamicRHI::RHIEndDrawingViewport() [e:\unrealengine\unrealengine\engine\source\runtime\windows\d3d11rhi\private\d3d11viewport.cpp:670]
[2019.06.10-16.37.16:813][ 14]LogWindows: Error: [Callstack] 0x00007ffa525fe8e0 UE4Editor-RHI.dll!FRHICommandListExecutor::ExecuteInner_DoExecute() [e:\unrealengine\unrealengine\engine\source\runtime\rhi\private\rhicommandlist.cpp:325]
[2019.06.10-16.37.16:813][ 14]LogWindows: Error: [Callstack] 0x00007ffa525fe4c4 UE4Editor-RHI.dll!FRHICommandListExecutor::ExecuteInner() [e:\unrealengine\unrealengine\engine\source\runtime\rhi\private\rhicommandlist.cpp:592]
[2019.06.10-16.37.16:813][ 14]LogWindows: Error: [Callstack] 0x00007ffa525ff444 UE4Editor-RHI.dll!FRHICommandListExecutor::ExecuteList() [e:\unrealengine\unrealengine\engine\source\runtime\rhi\private\rhicommandlist.cpp:642]
[2019.06.10-16.37.16:813][ 14]LogWindows: Error: [Callstack] 0x00007ffa525f6bb4 UE4Editor-RHI.dll!FRHICommandList::EndDrawingViewport() [e:\unrealengine\unrealengine\engine\source\runtime\rhi\private\rhicommandlist.cpp:1524]
[2019.06.10-16.37.16:813][ 14]LogWindows: Error: [Callstack] 0x00007ffa074f769b UE4Editor-SlateRHIRenderer.dll!FSlateRHIRenderer::DrawWindow_RenderThread() [e:\unrealengine\unrealengine\engine\source\runtime\slaterhirenderer\private\slaterhirenderer.cpp:987]
[2019.06.10-16.37.16:813][ 14]LogWindows: Error: [Callstack] 0x00007ffa074fe220 UE4Editor-SlateRHIRenderer.dll!TGraphTask<TEnqueueUniqueRenderCommandType<`FSlateRHIRenderer::DrawWindows_Private'::`29'::SlateDrawWindowsCommandName,<lambda_076ca5c89cb03ad0d8e3fd21b4a903a2> > >::ExecuteTask() [e:\unrealengine\unrealengine\engine\source\runtime\core\public\async\taskgraphinterfaces.h:842]
[2019.06.10-16.37.16:813][ 14]LogWindows: Error: [Callstack] 0x00007ffa519522d8 UE4Editor-Core.dll!FNamedTaskThread::ProcessTasksNamedThread() [e:\unrealengine\unrealengine\engine\source\runtime\core\private\async\taskgraph.cpp:686]
[2019.06.10-16.37.16:813][ 14]LogWindows: Error: [Callstack] 0x00007ffa51952563 UE4Editor-Core.dll!FNamedTaskThread::ProcessTasksUntilQuit() [e:\unrealengine\unrealengine\engine\source\runtime\core\private\async\taskgraph.cpp:582]
[2019.06.10-16.37.16:813][ 14]LogWindows: Error: [Callstack] 0x00007ffa527559f1 UE4Editor-RenderCore.dll!RenderingThreadMain() [e:\unrealengine\unrealengine\engine\source\runtime\rendercore\private\renderingthread.cpp:333]
[2019.06.10-16.37.16:813][ 14]LogWindows: Error: [Callstack] 0x00007ffa5275c184 UE4Editor-RenderCore.dll!FRenderingThread::Run() [e:\unrealengine\unrealengine\engine\source\runtime\rendercore\private\renderingthread.cpp:464]
[2019.06.10-16.37.16:813][ 14]LogWindows: Error: [Callstack] 0x00007ffa51d44aef UE4Editor-Core.dll!FRunnableThreadWin::Run() [e:\unrealengine\unrealengine\engine\source\runtime\core\private\windows\windowsrunnablethread.cpp:96]
[2019.06.10-16.37.16:813][ 14]LogWindows: Error: [Callstack] 0x00007ffa51d40857 UE4Editor-Core.dll!FRunnableThreadWin::GuardedRun() [e:\unrealengine\unrealengine\engine\source\runtime\core\private\windows\windowsrunnablethread.cpp:53]
[2019.06.10-16.37.16:813][ 14]LogWindows: Error: [Callstack] 0x00007ffa89f67974 KERNEL32.DLL!UnknownFunction []
[2019.06.10-16.37.16:813][ 14]LogWindows: Error: [Callstack] 0x00007ffa8a80a271 ntdll.dll!UnknownFunction []
[2019.06.10-16.37.16:813][ 14]LogWindows: Error: 
[2019.06.10-16.37.16:813][ 14]LogWindows: Error: 
[2019.06.10-16.37.16:813][ 14]LogWindows: Error: 
[2019.06.10-16.37.16:813][ 14]LogWindows: Error: 
[2019.06.10-16.37.16:813][ 14]LogWindows: Error: Crash in runnable thread RenderThread 1
[2019.06.10-16.37.16:816][ 14]LogWindows: Error: HandleError re-entered.
[2019.06.10-16.37.16:825][ 14]LogWindows: FPlatformMisc::RequestExit(1)
[2019.06.10-16.37.16:828][ 14]Log file closed, 06/11/19 01:37:16
